[2024-12-30 12:38:31 PM INFO: Database connection successfully]
[2024-12-30 12:39:17 PM INFO: Database connection successfully]
[2024-12-30 12:39:17 PM INFO: Server running on http://localhost:5000]
[2024-12-30 12:39:32 PM INFO: Database connection successfully]
[2024-12-30 12:39:32 PM INFO: Server running on http://localhost:5000]
[2024-12-30 12:39:42 PM INFO: Database connection successfully]
[2024-12-30 12:39:42 PM INFO: Server running on http://localhost:5000]
[2024-12-30 12:39:57 PM INFO: Database connection successfully]
[2024-12-30 12:39:57 PM INFO: Server running on http://localhost:5000]
[2024-12-30 12:40:01 PM INFO: Database connection successfully]
[2024-12-30 12:40:01 PM INFO: Server running on http://localhost:5000]
[2024-12-30 12:40:23 PM INFO: Database connection successfully]
[2024-12-30 12:40:23 PM INFO: Server running on http://localhost:5000]
[2024-12-30 12:45:02 PM INFO: Database connection successfully]
[2024-12-30 12:45:02 PM INFO: Server running on http://localhost:5000]
[2024-12-30 12:45:04 PM INFO: Database connection successfully]
[2024-12-30 12:45:04 PM INFO: Server running on http://localhost:5000]
[2024-12-30 12:45:27 PM INFO: Database connection successfully]
[2024-12-30 12:45:27 PM INFO: Server running on http://localhost:5000]
[2024-12-30 12:45:45 PM INFO: Database connection successfully]
[2024-12-30 12:45:45 PM INFO: Server running on http://localhost:5000]
{2024-12-30 12:46:24 PM INFO: Database connection successfully]
{2024-12-30 12:46:24 PM INFO: Server running on http://localhost:5000]
{2024-12-30 12:46:27 PM INFO: Database connection successfully
{2024-12-30 12:46:27 PM INFO: Server running on http://localhost:5000
{2024-12-30 12:46:28 PM INFO: Database connection successfully}
{2024-12-30 12:46:28 PM INFO: Server running on http://localhost:5000}
[2024-12-30 12:46:34 PM INFO: Database connection successfully]
[2024-12-30 12:46:34 PM INFO: Server running on http://localhost:5000]
[2024-12-30 12:46:42 PM INFO: Database connection successfully]
[2024-12-30 12:46:42 PM INFO: Server running on http://localhost:5000]
[2024-12-30 12:47:14 PM INFO: Database connection successfully]
[2024-12-30 12:47:14 PM INFO: Server running on http://localhost:5000]
[2024-12-30 12:47:17 PM INFO: Database connection successfully]
[2024-12-30 12:47:17 PM INFO: Server running on http://localhost:5000]
[2024-12-30 12:47:18 PM INFO: Database connection successfully]
[2024-12-30 12:47:18 PM INFO: Server running on http://localhost:5000]
[2024-12-30 12:47:22 PM INFO: Database connection successfully]
[2024-12-30 12:47:22 PM INFO: Server running on http://localhost:5000]
[2024-12-30 12:47:28 PM INFO: Database connection successfully]
[2024-12-30 12:47:28 PM INFO: Server running on http://localhost:5000]
[2024-12-30 12:47:33 PM INFO: Database connection successfully]
[2024-12-30 12:47:34 PM INFO: Server running on http://localhost:5000]
[2024-12-30 12:47:35 PM INFO: Database connection successfully]
[2024-12-30 12:47:35 PM INFO: Server running on http://localhost:5000]
[2024-12-30 12:47:40 PM INFO: Database connection successfully]
[2024-12-30 12:47:40 PM INFO: Server running on http://localhost:5000]
[2024-12-30 12:47:41 PM INFO: Database connection successfully]
[2024-12-30 12:47:41 PM INFO: Server running on http://localhost:5000]
[2024-12-30 12:47:51 PM INFO: Database connection successfully]
[2024-12-30 12:47:51 PM INFO: Server running on http://localhost:5000]
[2024-12-30 12:49:24 PM INFO: Database connection successfully]
[2024-12-30 12:49:24 PM INFO: Server running on http://localhost:5000]
[2024-12-30 12:56:03 PM INFO: Database connection successfully]
[2024-12-30 12:56:03 PM INFO: Server running on http://localhost:5000]
[2024-12-30 12:56:10 PM INFO: Database connection successfully]
[2024-12-30 12:56:10 PM INFO: Server running on http://localhost:5000]
[2024-12-30 12:56:12 PM INFO: Database connection successfully]
[2024-12-30 12:56:12 PM INFO: Server running on http://localhost:5000]
[2024-12-30 12:56:14 PM INFO: Database connection successfully]
[2024-12-30 12:56:14 PM INFO: Server running on http://localhost:5000]
[2024-12-30 12:56:18 PM INFO: Database connection successfully]
[2024-12-30 12:56:18 PM INFO: Server running on http://localhost:5000]
[2024-12-30 12:56:20 PM INFO: Database connection successfully]
[2024-12-30 12:56:20 PM INFO: Server running on http://localhost:5000]
[2024-12-30 12:56:22 PM INFO: Database connection successfully]
[2024-12-30 12:56:22 PM INFO: Server running on http://localhost:5000]
[2024-12-30 12:56:23 PM INFO: Database connection successfully]
[2024-12-30 12:56:23 PM INFO: Server running on http://localhost:5000]
[2024-12-30 12:56:31 PM INFO: Database connection successfully]
[2024-12-30 12:56:31 PM INFO: Server running on http://localhost:5000]
[2024-12-30 12:56:32 PM INFO: Database connection successfully]
[2024-12-30 12:56:32 PM INFO: Server running on http://localhost:5000]
[2024-12-30 12:56:57 PM INFO: Database connection successfully]
[2024-12-30 12:56:57 PM INFO: Server running on http://localhost:5000]
[2024-12-30 12:56:58 PM INFO: Database connection successfully]
[2024-12-30 12:56:58 PM INFO: Server running on http://localhost:5000]
[2024-12-30 12:57:00 PM INFO: Database connection successfully]
[2024-12-30 12:57:00 PM INFO: Server running on http://localhost:5000]
[2024-12-30 12:57:01 PM INFO: Database connection successfully]
[2024-12-30 12:57:01 PM INFO: Server running on http://localhost:5000]
[2024-12-30 12:57:03 PM INFO: Database connection successfully]
[2024-12-30 12:57:03 PM INFO: Server running on http://localhost:5000]
[2024-12-30 12:57:04 PM INFO: Database connection successfully]
[2024-12-30 12:57:04 PM INFO: Server running on http://localhost:5000]
[2024-12-30 12:57:08 PM INFO: Database connection successfully]
[2024-12-30 12:57:08 PM INFO: Server running on http://localhost:5000]
[2024-12-30 12:57:09 PM INFO: Database connection successfully]
[2024-12-30 12:57:09 PM INFO: Server running on http://localhost:5000]
[2024-12-30 12:57:10 PM INFO: Database connection successfully]
[2024-12-30 12:57:10 PM INFO: Server running on http://localhost:5000]
[2024-12-30 12:57:16 PM INFO: Database connection successfully]
[2024-12-30 12:57:16 PM INFO: Server running on http://localhost:5000]
[2024-12-30 12:57:17 PM INFO: Database connection successfully]
[2024-12-30 12:57:17 PM INFO: Server running on http://localhost:5000]
[2024-12-30 12:57:20 PM INFO: Database connection successfully]
[2024-12-30 12:57:20 PM INFO: Server running on http://localhost:5000]
[2024-12-30 12:57:38 PM INFO: Database connection successfully]
[2024-12-30 12:57:38 PM INFO: Server running on http://localhost:5000]
[2024-12-30 12:57:43 PM INFO: Database connection successfully]
[2024-12-30 12:57:43 PM INFO: Server running on http://localhost:5000]
[2024-12-30 12:57:45 PM INFO: Database connection successfully]
[2024-12-30 12:57:45 PM INFO: Server running on http://localhost:5000]
[2024-12-30 12:57:48 PM INFO: Database connection successfully]
[2024-12-30 12:57:48 PM INFO: Server running on http://localhost:5000]
[2024-12-30 12:57:50 PM INFO: Database connection successfully]
[2024-12-30 12:57:50 PM INFO: Server running on http://localhost:5000]
[2024-12-30 12:57:53 PM INFO: Database connection successfully]
[2024-12-30 12:57:53 PM INFO: Server running on http://localhost:5000]
[2024-12-30 12:57:54 PM INFO: Database connection successfully]
[2024-12-30 12:57:54 PM INFO: Server running on http://localhost:5000]
[2024-12-30 12:57:56 PM INFO: Database connection successfully]
[2024-12-30 12:57:56 PM INFO: Server running on http://localhost:5000]
[2024-12-30 12:58:00 PM INFO: Database connection successfully]
[2024-12-30 12:58:00 PM INFO: Server running on http://localhost:5000]
[2024-12-30 12:58:01 PM INFO: Database connection successfully]
[2024-12-30 12:58:01 PM INFO: Server running on http://localhost:5000]
[2024-12-30 12:58:02 PM INFO: Database connection successfully]
[2024-12-30 12:58:02 PM INFO: Server running on http://localhost:5000]
[2024-12-30 12:58:05 PM INFO: Database connection successfully]
[2024-12-30 12:58:05 PM INFO: Server running on http://localhost:5000]
[2024-12-30 12:58:07 PM INFO: Database connection successfully]
[2024-12-30 12:58:07 PM INFO: Server running on http://localhost:5000]
[2024-12-30 12:58:09 PM INFO: Database connection successfully]
[2024-12-30 12:58:09 PM INFO: Server running on http://localhost:5000]
[2024-12-30 12:58:14 PM INFO: Database connection successfully]
[2024-12-30 12:58:14 PM INFO: Server running on http://localhost:5000]
[2024-12-30 12:58:17 PM INFO: Database connection successfully]
[2024-12-30 12:58:17 PM INFO: Server running on http://localhost:5000]
[2024-12-30 12:58:21 PM INFO: Database connection successfully]
[2024-12-30 12:58:21 PM INFO: Server running on http://localhost:5000]
[2024-12-30 12:58:23 PM INFO: Database connection successfully]
[2024-12-30 12:58:23 PM INFO: Server running on http://localhost:5000]
[2024-12-30 12:58:24 PM INFO: Database connection successfully]
[2024-12-30 12:58:24 PM INFO: Server running on http://localhost:5000]
[2024-12-30 12:58:29 PM INFO: Database connection successfully]
[2024-12-30 12:58:29 PM INFO: Server running on http://localhost:5000]
[2024-12-30 12:58:33 PM INFO: Database connection successfully]
[2024-12-30 12:58:33 PM INFO: Server running on http://localhost:5000]
[2024-12-30 12:58:36 PM INFO: Database connection successfully]
[2024-12-30 12:58:36 PM INFO: Server running on http://localhost:5000]
[2024-12-30 12:58:42 PM INFO: Database connection successfully]
[2024-12-30 12:58:42 PM INFO: Server running on http://localhost:5000]
[2024-12-30 12:58:45 PM INFO: Database connection successfully]
[2024-12-30 12:58:45 PM INFO: Server running on http://localhost:5000]
[2024-12-30 12:58:47 PM INFO: Database connection successfully]
[2024-12-30 12:58:47 PM INFO: Server running on http://localhost:5000]
[2024-12-30 12:59:08 PM INFO: Database connection successfully]
[2024-12-30 12:59:08 PM INFO: Server running on http://localhost:5000]
[2024-12-30 12:59:10 PM INFO: Database connection successfully]
[2024-12-30 12:59:10 PM INFO: Server running on http://localhost:5000]
[2024-12-30 12:59:13 PM INFO: Database connection successfully]
[2024-12-30 12:59:13 PM INFO: Server running on http://localhost:5000]
[2024-12-30 12:59:21 PM INFO: Database connection successfully]
[2024-12-30 12:59:22 PM INFO: Server running on http://localhost:5000]
[2024-12-30 12:59:48 PM INFO: Database connection successfully]
[2024-12-30 12:59:48 PM INFO: Server running on http://localhost:5000]
[2024-12-30 12:59:58 PM INFO: Database connection successfully]
[2024-12-30 12:59:58 PM INFO: Server running on http://localhost:5000]
[2024-12-30 12:59:59 PM INFO: Database connection successfully]
[2024-12-30 12:59:59 PM INFO: Server running on http://localhost:5000]
[2024-12-30 13:00:02 PM INFO: Database connection successfully]
[2024-12-30 13:00:02 PM INFO: Server running on http://localhost:5000]
[2024-12-30 13:00:06 PM INFO: Database connection successfully]
[2024-12-30 13:00:06 PM INFO: Server running on http://localhost:5000]
[2024-12-30 13:00:09 PM INFO: Database connection successfully]
[2024-12-30 13:00:09 PM INFO: Server running on http://localhost:5000]
[2024-12-30 13:00:12 PM INFO: Database connection successfully]
[2024-12-30 13:00:12 PM INFO: Server running on http://localhost:5000]
[2024-12-30 13:00:15 PM INFO: Database connection successfully]
[2024-12-30 13:00:15 PM INFO: Server running on http://localhost:5000]
[2024-12-30 13:00:37 PM INFO: Database connection successfully]
[2024-12-30 13:00:37 PM INFO: Server running on http://localhost:5000]
[2024-12-30 13:00:44 PM INFO: Database connection successfully]
[2024-12-30 13:00:44 PM INFO: Server running on http://localhost:5000]
[2024-12-30 13:00:45 PM INFO: Database connection successfully]
[2024-12-30 13:00:45 PM INFO: Server running on http://localhost:5000]
[2024-12-30 13:00:48 PM INFO: Database connection successfully]
[2024-12-30 13:00:48 PM INFO: Server running on http://localhost:5000]
[2024-12-30 13:00:51 PM INFO: Database connection successfully]
[2024-12-30 13:00:51 PM INFO: Server running on http://localhost:5000]
[2024-12-30 13:00:52 PM INFO: Database connection successfully]
[2024-12-30 13:00:52 PM INFO: Server running on http://localhost:5000]
[2024-12-30 13:00:54 PM INFO: Database connection successfully]
[2024-12-30 13:00:54 PM INFO: Server running on http://localhost:5000]
[2024-12-30 13:00:56 PM INFO: Database connection successfully]
[2024-12-30 13:00:56 PM INFO: Server running on http://localhost:5000]
[2024-12-30 13:00:58 PM INFO: Database connection successfully]
[2024-12-30 13:00:58 PM INFO: Server running on http://localhost:5000]
[2024-12-30 13:01:10 PM INFO: Database connection successfully]
[2024-12-30 13:01:10 PM INFO: Server running on http://localhost:5000]
[2024-12-30 13:01:12 PM INFO: Database connection successfully]
[2024-12-30 13:01:12 PM INFO: Server running on http://localhost:5000]
[2024-12-30 13:01:13 PM INFO: Database connection successfully]
[2024-12-30 13:01:13 PM INFO: Server running on http://localhost:5000]
[2024-12-30 13:01:17 PM INFO: Database connection successfully]
[2024-12-30 13:01:17 PM INFO: Server running on http://localhost:5000]
[2024-12-30 13:01:19 PM INFO: Database connection successfully]
[2024-12-30 13:01:20 PM INFO: Server running on http://localhost:5000]
[2024-12-30 13:01:22 PM INFO: Database connection successfully]
[2024-12-30 13:01:22 PM INFO: Server running on http://localhost:5000]
[2024-12-30 13:01:25 PM INFO: Database connection successfully]
[2024-12-30 13:01:25 PM INFO: Server running on http://localhost:5000]
[2024-12-30 13:01:26 PM INFO: Database connection successfully]
[2024-12-30 13:01:26 PM INFO: Server running on http://localhost:5000]
[2024-12-30 13:01:30 PM INFO: Database connection successfully]
[2024-12-30 13:01:30 PM INFO: Server running on http://localhost:5000]
[2024-12-30 13:01:33 PM INFO: Database connection successfully]
[2024-12-30 13:01:33 PM INFO: Server running on http://localhost:5000]
[2024-12-30 13:01:36 PM INFO: Database connection successfully]
[2024-12-30 13:01:36 PM INFO: Server running on http://localhost:5000]
[2024-12-30 13:01:43 PM INFO: Database connection successfully]
[2024-12-30 13:01:43 PM INFO: Server running on http://localhost:5000]
[2024-12-30 13:01:44 PM INFO: Database connection successfully]
[2024-12-30 13:01:44 PM INFO: Server running on http://localhost:5000]
[2024-12-30 13:01:45 PM INFO: Database connection successfully]
[2024-12-30 13:01:45 PM INFO: Server running on http://localhost:5000]
[2024-12-30 13:01:47 PM INFO: Database connection successfully]
[2024-12-30 13:01:47 PM INFO: Server running on http://localhost:5000]
[2024-12-30 13:01:51 PM INFO: Database connection successfully]
[2024-12-30 13:01:51 PM INFO: Server running on http://localhost:5000]
[2024-12-30 13:01:54 PM INFO: Database connection successfully]
[2024-12-30 13:01:54 PM INFO: Server running on http://localhost:5000]
[2024-12-30 13:01:58 PM INFO: Database connection successfully]
[2024-12-30 13:01:58 PM INFO: Server running on http://localhost:5000]
[2024-12-30 13:02:01 PM INFO: Database connection successfully]
[2024-12-30 13:02:01 PM INFO: Server running on http://localhost:5000]
[2024-12-30 13:02:02 PM INFO: Database connection successfully]
[2024-12-30 13:02:02 PM INFO: Server running on http://localhost:5000]
[2024-12-30 13:02:03 PM INFO: Database connection successfully]
[2024-12-30 13:02:03 PM INFO: Server running on http://localhost:5000]
[2024-12-30 13:02:09 PM INFO: Database connection successfully]
[2024-12-30 13:02:09 PM INFO: Server running on http://localhost:5000]
[2024-12-30 13:02:10 PM INFO: Database connection successfully]
[2024-12-30 13:02:10 PM INFO: Server running on http://localhost:5000]
[2024-12-30 13:02:15 PM INFO: Database connection successfully]
[2024-12-30 13:02:15 PM INFO: Server running on http://localhost:5000]
[2024-12-30 13:02:17 PM INFO: Database connection successfully]
[2024-12-30 13:02:17 PM INFO: Server running on http://localhost:5000]
[2024-12-30 13:02:21 PM INFO: Database connection successfully]
[2024-12-30 13:02:21 PM INFO: Server running on http://localhost:5000]
[2024-12-30 13:02:24 PM INFO: Database connection successfully]
[2024-12-30 13:02:24 PM INFO: Server running on http://localhost:5000]
[2024-12-30 13:02:29 PM INFO: Database connection successfully]
[2024-12-30 13:02:29 PM INFO: Server running on http://localhost:5000]
[2024-12-30 13:02:37 PM INFO: Database connection successfully]
[2024-12-30 13:02:37 PM INFO: Server running on http://localhost:5000]
[2024-12-30 13:02:39 PM INFO: Database connection successfully]
[2024-12-30 13:02:39 PM INFO: Server running on http://localhost:5000]
[2024-12-30 13:02:42 PM INFO: Database connection successfully]
[2024-12-30 13:02:42 PM INFO: Server running on http://localhost:5000]
[2024-12-30 13:02:54 PM INFO: Database connection successfully]
[2024-12-30 13:02:54 PM INFO: Server running on http://localhost:5000]
[2024-12-30 13:02:56 PM INFO: Database connection successfully]
[2024-12-30 13:02:56 PM INFO: Server running on http://localhost:5000]
[2024-12-30 13:03:00 PM INFO: Database connection successfully]
[2024-12-30 13:03:00 PM INFO: Server running on http://localhost:5000]
[2024-12-30 13:03:06 PM INFO: Database connection successfully]
[2024-12-30 13:03:06 PM INFO: Server running on http://localhost:5000]
[2024-12-30 13:03:09 PM INFO: Database connection successfully]
[2024-12-30 13:03:09 PM INFO: Server running on http://localhost:5000]
[2024-12-30 13:03:12 PM INFO: Database connection successfully]
[2024-12-30 13:03:12 PM INFO: Server running on http://localhost:5000]
[2024-12-30 13:03:15 PM INFO: Database connection successfully]
[2024-12-30 13:03:15 PM INFO: Server running on http://localhost:5000]
[2024-12-30 13:03:17 PM INFO: Database connection successfully]
[2024-12-30 13:03:17 PM INFO: Server running on http://localhost:5000]
[2024-12-30 13:03:24 PM INFO: Database connection successfully]
[2024-12-30 13:03:24 PM INFO: Server running on http://localhost:5000]
[2024-12-30 13:03:25 PM INFO: Database connection successfully]
[2024-12-30 13:03:25 PM INFO: Server running on http://localhost:5000]
[2024-12-30 13:03:28 PM INFO: Database connection successfully]
[2024-12-30 13:03:28 PM INFO: Server running on http://localhost:5000]
[2024-12-30 13:03:32 PM INFO: Database connection successfully]
[2024-12-30 13:03:32 PM INFO: Server running on http://localhost:5000]
[2024-12-30 13:03:41 PM INFO: Database connection successfully]
[2024-12-30 13:03:41 PM INFO: Server running on http://localhost:5000]
[2024-12-30 13:03:44 PM INFO: Database connection successfully]
[2024-12-30 13:03:44 PM INFO: Server running on http://localhost:5000]
[2024-12-30 13:03:46 PM INFO: Database connection successfully]
[2024-12-30 13:03:46 PM INFO: Server running on http://localhost:5000]
[2024-12-30 13:03:47 PM INFO: Database connection successfully]
[2024-12-30 13:03:47 PM INFO: Server running on http://localhost:5000]
[2024-12-30 13:03:56 PM INFO: Database connection successfully]
[2024-12-30 13:03:56 PM INFO: Server running on http://localhost:5000]
[2024-12-30 13:03:59 PM INFO: Database connection successfully]
[2024-12-30 13:03:59 PM INFO: Server running on http://localhost:5000]
[2024-12-30 13:04:00 PM INFO: Database connection successfully]
[2024-12-30 13:04:00 PM INFO: Server running on http://localhost:5000]
[2024-12-30 13:04:02 PM INFO: Database connection successfully]
[2024-12-30 13:04:02 PM INFO: Server running on http://localhost:5000]
[2024-12-30 13:04:05 PM INFO: Database connection successfully]
[2024-12-30 13:04:05 PM INFO: Server running on http://localhost:5000]
[2024-12-30 13:04:07 PM INFO: Database connection successfully]
[2024-12-30 13:04:07 PM INFO: Server running on http://localhost:5000]
[2024-12-30 13:04:09 PM INFO: Database connection successfully]
[2024-12-30 13:04:09 PM INFO: Server running on http://localhost:5000]
[2024-12-30 13:04:15 PM INFO: Database connection successfully]
[2024-12-30 13:04:15 PM INFO: Server running on http://localhost:5000]
[2024-12-30 13:04:17 PM INFO: Database connection successfully]
[2024-12-30 13:04:17 PM INFO: Server running on http://localhost:5000]
[2024-12-30 13:04:24 PM INFO: Database connection successfully]
[2024-12-30 13:04:24 PM INFO: Server running on http://localhost:5000]
[2024-12-30 13:04:27 PM INFO: Database connection successfully]
[2024-12-30 13:04:27 PM INFO: Server running on http://localhost:5000]
[2024-12-30 13:04:38 PM INFO: Database connection successfully]
[2024-12-30 13:04:38 PM INFO: Server running on http://localhost:5000]
[2024-12-30 13:04:40 PM INFO: Database connection successfully]
[2024-12-30 13:04:40 PM INFO: Server running on http://localhost:5000]
[2024-12-30 13:04:41 PM INFO: Database connection successfully]
[2024-12-30 13:04:41 PM INFO: Server running on http://localhost:5000]
[2024-12-30 13:04:45 PM INFO: Database connection successfully]
[2024-12-30 13:04:45 PM INFO: Server running on http://localhost:5000]
[2024-12-30 13:04:47 PM INFO: Database connection successfully]
[2024-12-30 13:04:47 PM INFO: Server running on http://localhost:5000]
[2024-12-30 13:04:56 PM INFO: Database connection successfully]
[2024-12-30 13:04:56 PM INFO: Server running on http://localhost:5000]
[2024-12-30 13:04:59 PM INFO: Database connection successfully]
[2024-12-30 13:04:59 PM INFO: Server running on http://localhost:5000]
[2024-12-30 13:05:02 PM INFO: Database connection successfully]
[2024-12-30 13:05:02 PM INFO: Server running on http://localhost:5000]
[2024-12-30 13:05:06 PM INFO: Database connection successfully]
[2024-12-30 13:05:06 PM INFO: Server running on http://localhost:5000]
[2024-12-30 13:05:08 PM INFO: Database connection successfully]
[2024-12-30 13:05:08 PM INFO: Server running on http://localhost:5000]
[2024-12-30 13:05:17 PM INFO: Database connection successfully]
[2024-12-30 13:05:17 PM INFO: Server running on http://localhost:5000]
[2024-12-30 13:06:17 PM INFO: Database connection successfully]
[2024-12-30 13:06:17 PM INFO: Server running on http://localhost:5000]
[2024-12-30 13:06:30 PM INFO: Database connection successfully]
[2024-12-30 13:06:30 PM INFO: Server running on http://localhost:5000]
[2024-12-30 13:06:33 PM INFO: Database connection successfully]
[2024-12-30 13:06:33 PM INFO: Server running on http://localhost:5000]
[2024-12-30 13:06:35 PM INFO: Database connection successfully]
[2024-12-30 13:06:35 PM INFO: Server running on http://localhost:5000]
[2024-12-30 13:06:37 PM INFO: Database connection successfully]
[2024-12-30 13:06:37 PM INFO: Server running on http://localhost:5000]
[2024-12-30 13:06:40 PM INFO: Database connection successfully]
[2024-12-30 13:06:40 PM INFO: Server running on http://localhost:5000]
[2024-12-30 13:06:43 PM INFO: Database connection successfully]
[2024-12-30 13:06:43 PM INFO: Server running on http://localhost:5000]
[2024-12-30 13:06:44 PM INFO: Database connection successfully]
[2024-12-30 13:06:44 PM INFO: Server running on http://localhost:5000]
[2024-12-30 13:06:46 PM INFO: Database connection successfully]
[2024-12-30 13:06:46 PM INFO: Server running on http://localhost:5000]
[2024-12-30 13:06:51 PM INFO: Database connection successfully]
[2024-12-30 13:06:51 PM INFO: Server running on http://localhost:5000]
[2024-12-30 13:06:54 PM INFO: Database connection successfully]
[2024-12-30 13:06:54 PM INFO: Server running on http://localhost:5000]
[2024-12-30 13:06:57 PM INFO: Database connection successfully]
[2024-12-30 13:06:57 PM INFO: Server running on http://localhost:5000]
[2024-12-30 13:07:13 PM INFO: Database connection successfully]
[2024-12-30 13:07:13 PM INFO: Server running on http://localhost:5000]
[2024-12-30 13:07:16 PM INFO: Database connection successfully]
[2024-12-30 13:07:16 PM INFO: Server running on http://localhost:5000]
[2024-12-30 13:07:20 PM INFO: Database connection successfully]
[2024-12-30 13:07:20 PM INFO: Server running on http://localhost:5000]
[2024-12-30 13:07:23 PM INFO: Database connection successfully]
[2024-12-30 13:07:23 PM INFO: Server running on http://localhost:5000]
[2024-12-30 13:07:29 PM INFO: Database connection successfully]
[2024-12-30 13:07:29 PM INFO: Server running on http://localhost:5000]
[2024-12-30 13:07:35 PM INFO: Database connection successfully]
[2024-12-30 13:07:35 PM INFO: Server running on http://localhost:5000]
[2024-12-30 13:07:36 PM INFO: Database connection successfully]
[2024-12-30 13:07:36 PM INFO: Server running on http://localhost:5000]
[2024-12-30 13:07:42 PM INFO: Database connection successfully]
[2024-12-30 13:07:42 PM INFO: Server running on http://localhost:5000]
[2024-12-30 13:07:46 PM INFO: Database connection successfully]
[2024-12-30 13:07:46 PM INFO: Server running on http://localhost:5000]
[2024-12-30 13:07:47 PM INFO: Database connection successfully]
[2024-12-30 13:07:47 PM INFO: Server running on http://localhost:5000]
[2024-12-30 13:07:49 PM INFO: Database connection successfully]
[2024-12-30 13:07:49 PM INFO: Server running on http://localhost:5000]
[2024-12-30 13:07:51 PM INFO: Database connection successfully]
[2024-12-30 13:07:51 PM INFO: Server running on http://localhost:5000]
[2024-12-30 13:08:01 PM INFO: Database connection successfully]
[2024-12-30 13:08:01 PM INFO: Server running on http://localhost:5000]
[2024-12-30 13:08:04 PM INFO: Database connection successfully]
[2024-12-30 13:08:04 PM INFO: Server running on http://localhost:5000]
[2024-12-30 13:08:11 PM INFO: Database connection successfully]
[2024-12-30 13:08:11 PM INFO: Server running on http://localhost:5000]
[2024-12-30 13:08:16 PM INFO: Database connection successfully]
[2024-12-30 13:08:16 PM INFO: Server running on http://localhost:5000]
[2024-12-30 13:08:21 PM INFO: Database connection successfully]
[2024-12-30 13:08:21 PM INFO: Server running on http://localhost:5000]
[2024-12-30 13:08:23 PM INFO: Database connection successfully]
[2024-12-30 13:08:23 PM INFO: Server running on http://localhost:5000]
[2024-12-30 13:08:30 PM INFO: Database connection successfully]
[2024-12-30 13:08:30 PM INFO: Server running on http://localhost:5000]
[2024-12-30 13:08:32 PM INFO: Database connection successfully]
[2024-12-30 13:08:32 PM INFO: Server running on http://localhost:5000]
[2024-12-30 13:08:34 PM INFO: Database connection successfully]
[2024-12-30 13:08:34 PM INFO: Server running on http://localhost:5000]
[2024-12-30 13:08:36 PM INFO: Database connection successfully]
[2024-12-30 13:08:36 PM INFO: Server running on http://localhost:5000]
[2024-12-30 13:08:39 PM INFO: Database connection successfully]
[2024-12-30 13:08:39 PM INFO: Server running on http://localhost:5000]
[2024-12-30 13:08:43 PM INFO: Database connection successfully]
[2024-12-30 13:08:43 PM INFO: Server running on http://localhost:5000]
[2024-12-30 13:08:45 PM INFO: Database connection successfully]
[2024-12-30 13:08:45 PM INFO: Server running on http://localhost:5000]
[2024-12-30 13:08:51 PM INFO: Database connection successfully]
[2024-12-30 13:08:51 PM INFO: Server running on http://localhost:5000]
[2024-12-30 13:08:52 PM INFO: Database connection successfully]
[2024-12-30 13:08:53 PM INFO: Server running on http://localhost:5000]
[2024-12-30 13:08:55 PM INFO: Database connection successfully]
[2024-12-30 13:08:55 PM INFO: Server running on http://localhost:5000]
[2024-12-30 13:09:01 PM INFO: Database connection successfully]
[2024-12-30 13:09:01 PM INFO: Server running on http://localhost:5000]
[2024-12-30 13:09:03 PM INFO: Database connection successfully]
[2024-12-30 13:09:03 PM INFO: Server running on http://localhost:5000]
[2024-12-30 13:09:04 PM INFO: Database connection successfully]
[2024-12-30 13:09:04 PM INFO: Server running on http://localhost:5000]
[2024-12-30 13:09:06 PM INFO: Database connection successfully]
[2024-12-30 13:09:06 PM INFO: Server running on http://localhost:5000]
[2024-12-30 13:09:17 PM INFO: Database connection successfully]
[2024-12-30 13:09:17 PM INFO: Server running on http://localhost:5000]
[2024-12-30 13:09:19 PM INFO: Database connection successfully]
[2024-12-30 13:09:19 PM INFO: Server running on http://localhost:5000]
[2024-12-30 13:09:25 PM INFO: Database connection successfully]
[2024-12-30 13:09:25 PM INFO: Server running on http://localhost:5000]
[2024-12-30 13:09:30 PM INFO: Database connection successfully]
[2024-12-30 13:09:30 PM INFO: Server running on http://localhost:5000]
[2024-12-30 13:09:33 PM INFO: Database connection successfully]
[2024-12-30 13:09:33 PM INFO: Server running on http://localhost:5000]
[2024-12-30 13:09:36 PM INFO: Database connection successfully]
[2024-12-30 13:09:36 PM INFO: Server running on http://localhost:5000]
[2024-12-30 13:09:41 PM INFO: Database connection successfully]
[2024-12-30 13:09:41 PM INFO: Server running on http://localhost:5000]
[2024-12-30 13:09:44 PM INFO: Database connection successfully]
[2024-12-30 13:09:44 PM INFO: Server running on http://localhost:5000]
[2024-12-30 13:09:47 PM INFO: Database connection successfully]
[2024-12-30 13:09:47 PM INFO: Server running on http://localhost:5000]
[2024-12-30 13:09:51 PM INFO: Database connection successfully]
[2024-12-30 13:09:51 PM INFO: Server running on http://localhost:5000]
[2024-12-30 13:10:00 PM INFO: Database connection successfully]
[2024-12-30 13:10:00 PM INFO: Server running on http://localhost:5000]
[2024-12-30 13:10:04 PM INFO: Database connection successfully]
[2024-12-30 13:10:04 PM INFO: Server running on http://localhost:5000]
[2024-12-30 13:10:07 PM INFO: Database connection successfully]
[2024-12-30 13:10:07 PM INFO: Server running on http://localhost:5000]
[2024-12-30 13:10:10 PM INFO: Database connection successfully]
[2024-12-30 13:10:10 PM INFO: Server running on http://localhost:5000]
