[2024-12-31 23:54:27 PM ERROR: Database connection is failed !!  redisClient is not defined]
[2024-12-31 23:54:32 PM ERROR: Database connection is failed !!  redisClient is not defined]
[2024-12-31 23:54:56 PM ERROR: Database connection is failed !!  redisClient is not defined]
[2024-12-31 23:54:58 PM ERROR: Database connection is failed !!  redisClient is not defined]
[2024-12-31 23:55:00 PM ERROR: Database connection is failed !!  redisClient is not defined]
[2025-01-01 00:16:15 AM ERROR: Database connection is failed !!  redis is not defined]
[2025-01-01 00:16:18 AM ERROR: Database connection is failed !!  Cannot read properties of undefined (reading 'on')]
[2025-01-01 00:16:21 AM ERROR: Database connection is failed !!  The "listener" argument must be of type function. Received undefined]
[2025-01-01 00:20:29 AM ERROR: Error connecting to Redis:  ERR Client sent AUTH, but no password is set]
[2025-01-01 00:20:29 AM ERROR: Error connecting to Redis:  ERR Client sent AUTH, but no password is set]
[2025-01-01 00:20:29 AM ERROR: Error connecting to Redis:  ERR Client sent AUTH, but no password is set]
[2025-01-01 00:20:29 AM ERROR: Error connecting to Redis:  ERR Client sent AUTH, but no password is set]
[2025-01-01 00:20:29 AM ERROR: Error connecting to Redis:  ERR Client sent AUTH, but no password is set]
[2025-01-01 00:20:29 AM ERROR: Error connecting to Redis:  ERR Client sent AUTH, but no password is set]
[2025-01-01 00:20:29 AM ERROR: Error connecting to Redis:  ERR Client sent AUTH, but no password is set]
[2025-01-01 00:20:30 AM ERROR: Error connecting to Redis:  ERR Client sent AUTH, but no password is set]
[2025-01-01 00:20:30 AM ERROR: Error connecting to Redis:  ERR Client sent AUTH, but no password is set]
[2025-01-01 00:20:30 AM ERROR: Error connecting to Redis:  ERR Client sent AUTH, but no password is set]
[2025-01-01 00:20:31 AM ERROR: Error connecting to Redis:  ERR Client sent AUTH, but no password is set]
[2025-01-01 00:20:31 AM ERROR: Error connecting to Redis:  ERR Client sent AUTH, but no password is set]
[2025-01-01 00:20:32 AM ERROR: Error connecting to Redis:  ERR Client sent AUTH, but no password is set]
[2025-01-01 00:20:32 AM ERROR: Error connecting to Redis:  ERR Client sent AUTH, but no password is set]
[2025-01-01 00:20:33 AM ERROR: Error connecting to Redis:  ERR Client sent AUTH, but no password is set]
[2025-01-01 00:20:34 AM ERROR: Error connecting to Redis:  ERR Client sent AUTH, but no password is set]
[2025-01-01 00:20:34 AM ERROR: Error connecting to Redis:  ERR Client sent AUTH, but no password is set]
[2025-01-01 00:20:35 AM ERROR: Error connecting to Redis:  ERR Client sent AUTH, but no password is set]
[2025-01-01 00:20:35 AM ERROR: Error connecting to Redis:  ERR Client sent AUTH, but no password is set]
[2025-01-01 00:20:36 AM ERROR: Error connecting to Redis:  ERR Client sent AUTH, but no password is set]
[2025-01-01 00:20:36 AM ERROR: Error connecting to Redis:  ERR Client sent AUTH, but no password is set]
[2025-01-01 00:20:37 AM ERROR: Error connecting to Redis:  ERR Client sent AUTH, but no password is set]
[2025-01-01 00:20:37 AM ERROR: Error connecting to Redis:  ERR Client sent AUTH, but no password is set]
[2025-01-01 00:20:38 AM ERROR: Error connecting to Redis:  ERR Client sent AUTH, but no password is set]
[2025-01-01 00:20:38 AM ERROR: Error connecting to Redis:  ERR Client sent AUTH, but no password is set]
[2025-01-01 00:20:39 AM ERROR: Error connecting to Redis:  ERR Client sent AUTH, but no password is set]
[2025-01-01 00:20:39 AM ERROR: Error connecting to Redis:  ERR Client sent AUTH, but no password is set]
[2025-01-01 00:20:40 AM ERROR: Error connecting to Redis:  ERR Client sent AUTH, but no password is set]
[2025-01-01 00:20:40 AM ERROR: Error connecting to Redis:  ERR Client sent AUTH, but no password is set]
[2025-01-01 00:20:41 AM ERROR: Error connecting to Redis:  ERR Client sent AUTH, but no password is set]
[2025-01-01 00:20:41 AM ERROR: Error connecting to Redis:  ERR Client sent AUTH, but no password is set]
[2025-01-01 00:20:42 AM ERROR: Error connecting to Redis:  ERR Client sent AUTH, but no password is set]
[2025-01-01 00:20:42 AM ERROR: Error connecting to Redis:  ERR Client sent AUTH, but no password is set]
[2025-01-01 00:20:43 AM ERROR: Error connecting to Redis:  ERR Client sent AUTH, but no password is set]
[2025-01-01 00:20:43 AM ERROR: Error connecting to Redis:  ERR Client sent AUTH, but no password is set]
[2025-01-01 00:20:44 AM ERROR: Error connecting to Redis:  ERR Client sent AUTH, but no password is set]
[2025-01-01 00:20:44 AM ERROR: Error connecting to Redis:  ERR Client sent AUTH, but no password is set]
[2025-01-01 00:20:45 AM ERROR: Error connecting to Redis:  ERR Client sent AUTH, but no password is set]
[2025-01-01 00:20:46 AM ERROR: Error connecting to Redis:  ERR Client sent AUTH, but no password is set]
[2025-01-01 00:20:46 AM ERROR: Error connecting to Redis:  ERR Client sent AUTH, but no password is set]
[2025-01-01 00:20:47 AM ERROR: Error connecting to Redis:  ERR Client sent AUTH, but no password is set]
[2025-01-01 00:20:47 AM ERROR: Error connecting to Redis:  ERR Client sent AUTH, but no password is set]
[2025-01-01 00:20:48 AM ERROR: Error connecting to Redis:  ERR Client sent AUTH, but no password is set]
[2025-01-01 00:20:48 AM ERROR: Error connecting to Redis:  ERR Client sent AUTH, but no password is set]
[2025-01-01 00:20:49 AM ERROR: Error connecting to Redis:  ERR Client sent AUTH, but no password is set]
[2025-01-01 00:20:49 AM ERROR: Error connecting to Redis:  ERR Client sent AUTH, but no password is set]
[2025-01-01 00:20:50 AM ERROR: Error connecting to Redis:  ERR Client sent AUTH, but no password is set]
[2025-01-01 00:20:50 AM ERROR: Error connecting to Redis:  ERR Client sent AUTH, but no password is set]
[2025-01-01 00:20:51 AM ERROR: Error connecting to Redis:  ERR Client sent AUTH, but no password is set]
[2025-01-01 00:20:51 AM ERROR: Error connecting to Redis:  ERR Client sent AUTH, but no password is set]
[2025-01-01 00:20:52 AM ERROR: Error connecting to Redis:  ERR Client sent AUTH, but no password is set]
[2025-01-01 00:20:52 AM ERROR: Error connecting to Redis:  ERR Client sent AUTH, but no password is set]
[2025-01-01 00:20:53 AM ERROR: Error connecting to Redis:  ERR Client sent AUTH, but no password is set]
[2025-01-01 00:20:53 AM ERROR: Error connecting to Redis:  ERR Client sent AUTH, but no password is set]
[2025-01-01 00:20:54 AM ERROR: Error connecting to Redis:  ERR Client sent AUTH, but no password is set]
[2025-01-01 00:20:54 AM ERROR: Error connecting to Redis:  ERR Client sent AUTH, but no password is set]
[2025-01-01 00:20:55 AM ERROR: Error connecting to Redis:  ERR Client sent AUTH, but no password is set]
[2025-01-01 00:20:55 AM ERROR: Error connecting to Redis:  ERR Client sent AUTH, but no password is set]
[2025-01-01 00:20:56 AM ERROR: Error connecting to Redis:  ERR Client sent AUTH, but no password is set]
[2025-01-01 00:20:57 AM ERROR: Error connecting to Redis:  ERR Client sent AUTH, but no password is set]
[2025-01-01 00:20:57 AM ERROR: Error connecting to Redis:  ERR Client sent AUTH, but no password is set]
[2025-01-01 00:20:57 AM ERROR: Error connecting to Redis:  ERR Client sent AUTH, but no password is set]
[2025-01-01 00:20:57 AM ERROR: Error connecting to Redis:  ERR Client sent AUTH, but no password is set]
[2025-01-01 00:20:57 AM ERROR: Error connecting to Redis:  ERR Client sent AUTH, but no password is set]
[2025-01-01 00:20:58 AM ERROR: Error connecting to Redis:  ERR Client sent AUTH, but no password is set]
[2025-01-01 00:20:58 AM ERROR: Error connecting to Redis:  ERR Client sent AUTH, but no password is set]
[2025-01-01 00:20:58 AM ERROR: Error connecting to Redis:  ERR Client sent AUTH, but no password is set]
[2025-01-01 00:20:59 AM ERROR: Error connecting to Redis:  ERR Client sent AUTH, but no password is set]
[2025-01-01 00:20:59 AM ERROR: Error connecting to Redis:  ERR Client sent AUTH, but no password is set]
[2025-01-01 00:20:59 AM ERROR: Error connecting to Redis:  ERR Client sent AUTH, but no password is set]
[2025-01-01 00:21:00 AM ERROR: Error connecting to Redis:  ERR Client sent AUTH, but no password is set]
[2025-01-01 00:21:01 AM ERROR: Error connecting to Redis:  ERR Client sent AUTH, but no password is set]
[2025-01-01 00:21:01 AM ERROR: Error connecting to Redis:  ERR Client sent AUTH, but no password is set]
[2025-01-01 00:21:01 AM ERROR: Error connecting to Redis:  ERR Client sent AUTH, but no password is set]
[2025-01-01 00:21:01 AM ERROR: Error connecting to Redis:  ERR Client sent AUTH, but no password is set]
[2025-01-01 00:21:02 AM ERROR: Error connecting to Redis:  ERR Client sent AUTH, but no password is set]
[2025-01-01 00:21:02 AM ERROR: Error connecting to Redis:  ERR Client sent AUTH, but no password is set]
[2025-01-01 00:21:02 AM ERROR: Error connecting to Redis:  ERR Client sent AUTH, but no password is set]
[2025-01-01 00:21:02 AM ERROR: Error connecting to Redis:  ERR Client sent AUTH, but no password is set]
[2025-01-01 00:21:03 AM ERROR: Error connecting to Redis:  ERR Client sent AUTH, but no password is set]
[2025-01-01 00:21:03 AM ERROR: Error connecting to Redis:  ERR Client sent AUTH, but no password is set]
[2025-01-01 00:21:04 AM ERROR: Error connecting to Redis:  ERR Client sent AUTH, but no password is set]
[2025-01-01 00:21:04 AM ERROR: Error connecting to Redis:  ERR Client sent AUTH, but no password is set]
[2025-01-01 00:21:05 AM ERROR: Error connecting to Redis:  ERR Client sent AUTH, but no password is set]
[2025-01-01 00:21:59 AM ERROR: Error connecting to Redis:  ERR Client sent AUTH, but no password is set]
[2025-01-01 00:21:59 AM ERROR: Error connecting to Redis:  ERR Client sent AUTH, but no password is set]
[2025-01-01 00:21:59 AM ERROR: Error connecting to Redis:  ERR Client sent AUTH, but no password is set]
[2025-01-01 00:22:00 AM ERROR: Error connecting to Redis:  ERR Client sent AUTH, but no password is set]
[2025-01-01 00:22:00 AM ERROR: Error connecting to Redis:  ERR Client sent AUTH, but no password is set]
[2025-01-01 00:22:00 AM ERROR: Error connecting to Redis:  ERR Client sent AUTH, but no password is set]
[2025-01-01 00:22:00 AM ERROR: Error connecting to Redis:  ERR Client sent AUTH, but no password is set]
[2025-01-01 00:22:01 AM ERROR: Error connecting to Redis:  ERR Client sent AUTH, but no password is set]
[2025-01-01 00:22:01 AM ERROR: Error connecting to Redis:  ERR Client sent AUTH, but no password is set]
[2025-01-01 00:22:01 AM ERROR: Error connecting to Redis:  ERR Client sent AUTH, but no password is set]
[2025-01-01 00:22:02 AM ERROR: Error connecting to Redis:  ERR Client sent AUTH, but no password is set]
[2025-01-01 00:22:02 AM ERROR: Error connecting to Redis:  ERR Client sent AUTH, but no password is set]
[2025-01-01 00:22:03 AM ERROR: Error connecting to Redis:  ERR Client sent AUTH, but no password is set]
[2025-01-01 00:22:03 AM ERROR: Error connecting to Redis:  ERR Client sent AUTH, but no password is set]
[2025-01-01 00:22:04 AM ERROR: Error connecting to Redis:  ERR Client sent AUTH, but no password is set]
[2025-01-01 00:22:04 AM ERROR: Error connecting to Redis:  ERR Client sent AUTH, but no password is set]
[2025-01-01 00:22:05 AM ERROR: Error connecting to Redis:  ERR Client sent AUTH, but no password is set]
[2025-01-01 00:22:05 AM ERROR: Error connecting to Redis:  ERR Client sent AUTH, but no password is set]
[2025-01-01 00:22:06 AM ERROR: Error connecting to Redis:  ERR Client sent AUTH, but no password is set]
[2025-01-01 00:22:06 AM ERROR: Error connecting to Redis:  ERR Client sent AUTH, but no password is set]
[2025-01-01 00:22:07 AM ERROR: Error connecting to Redis:  ERR Client sent AUTH, but no password is set]
[2025-01-01 00:22:07 AM ERROR: Error connecting to Redis:  ERR Client sent AUTH, but no password is set]
[2025-01-01 00:22:08 AM ERROR: Error connecting to Redis:  ERR Client sent AUTH, but no password is set]
[2025-01-01 00:22:08 AM ERROR: Error connecting to Redis:  ERR Client sent AUTH, but no password is set]
[2025-01-01 00:22:09 AM ERROR: Error connecting to Redis:  ERR Client sent AUTH, but no password is set]
[2025-01-01 00:24:30 AM ERROR: Error connecting to Redis:  ERR Client sent AUTH, but no password is set]
[2025-01-01 00:24:30 AM ERROR: Error connecting to Redis:  ERR Client sent AUTH, but no password is set]
[2025-01-01 00:24:30 AM ERROR: Error connecting to Redis:  ERR Client sent AUTH, but no password is set]
[2025-01-01 00:24:30 AM ERROR: Error connecting to Redis:  ERR Client sent AUTH, but no password is set]
[2025-01-01 00:24:30 AM ERROR: Error connecting to Redis:  ERR Client sent AUTH, but no password is set]
[2025-01-01 00:24:31 AM ERROR: Error connecting to Redis:  ERR Client sent AUTH, but no password is set]
[2025-01-01 00:24:31 AM ERROR: Error connecting to Redis:  ERR Client sent AUTH, but no password is set]
[2025-01-01 00:24:31 AM ERROR: Error connecting to Redis:  ERR Client sent AUTH, but no password is set]
[2025-01-01 00:24:32 AM ERROR: Error connecting to Redis:  ERR Client sent AUTH, but no password is set]
[2025-01-01 00:24:32 AM ERROR: Error connecting to Redis:  ERR Client sent AUTH, but no password is set]
[2025-01-01 00:24:32 AM ERROR: Error connecting to Redis:  ERR Client sent AUTH, but no password is set]
[2025-01-01 00:24:33 AM ERROR: Error connecting to Redis:  ERR Client sent AUTH, but no password is set]
[2025-01-01 00:28:53 AM ERROR: Error connecting to Redis:  ERR Client sent AUTH, but no password is set]
[2025-01-01 00:28:53 AM ERROR: Error connecting to Redis:  ERR Client sent AUTH, but no password is set]
[2025-01-01 00:28:54 AM ERROR: Error connecting to Redis:  ERR Client sent AUTH, but no password is set]
[2025-01-01 00:28:54 AM ERROR: Error connecting to Redis:  ERR Client sent AUTH, but no password is set]
[2025-01-01 00:28:54 AM ERROR: Error connecting to Redis:  ERR Client sent AUTH, but no password is set]
[2025-01-01 00:28:54 AM ERROR: Error connecting to Redis:  ERR Client sent AUTH, but no password is set]
[2025-01-01 00:28:54 AM ERROR: Error connecting to Redis:  ERR Client sent AUTH, but no password is set]
[2025-01-01 00:28:55 AM ERROR: Error connecting to Redis:  ERR Client sent AUTH, but no password is set]
[2025-01-01 00:28:55 AM ERROR: Error connecting to Redis:  ERR Client sent AUTH, but no password is set]
[2025-01-01 00:28:55 AM ERROR: Error connecting to Redis:  ERR Client sent AUTH, but no password is set]
[2025-01-01 00:28:56 AM ERROR: Error connecting to Redis:  ERR Client sent AUTH, but no password is set]
[2025-01-01 00:30:46 AM ERROR: Error connecting to Redis:  ERR Client sent AUTH, but no password is set]
[2025-01-01 00:30:46 AM ERROR: Error connecting to Redis:  ERR Client sent AUTH, but no password is set]
[2025-01-01 00:30:47 AM ERROR: Error connecting to Redis:  ERR Client sent AUTH, but no password is set]
[2025-01-01 00:30:47 AM ERROR: Error connecting to Redis:  ERR Client sent AUTH, but no password is set]
[2025-01-01 00:30:47 AM ERROR: Error connecting to Redis:  ERR Client sent AUTH, but no password is set]
[2025-01-01 00:30:47 AM ERROR: Error connecting to Redis:  ERR Client sent AUTH, but no password is set]
[2025-01-01 00:30:47 AM ERROR: Error connecting to Redis:  ERR Client sent AUTH, but no password is set]
[2025-01-01 00:30:48 AM ERROR: Error connecting to Redis:  ERR Client sent AUTH, but no password is set]
[2025-01-01 00:30:48 AM ERROR: Error connecting to Redis:  ERR Client sent AUTH, but no password is set]
[2025-01-01 00:34:36 AM ERROR: Failed to ping Redis:]
[2025-01-01 00:35:03 AM ERROR: Failed to ping Redis:]
[2025-01-01 00:35:37 AM ERROR: Failed to ping Redis:]
[2025-01-01 00:35:45 AM ERROR: Failed to ping Redis:]
[2025-01-01 00:35:49 AM ERROR: Failed to ping Redis:]
[2025-01-01 00:35:54 AM ERROR: Failed to ping Redis:]
[2025-01-01 00:35:57 AM ERROR: Failed to ping Redis:]
[2025-01-01 00:36:01 AM ERROR: Failed to ping Redis:]
[2025-01-01 00:36:02 AM ERROR: Failed to ping Redis:]
[2025-01-01 00:36:33 AM ERROR: Failed to ping Redis:]
[2025-01-01 00:37:15 AM ERROR: Failed to ping Redis:]
[2025-01-01 00:37:57 AM ERROR: Failed to ping Redis:]
[2025-01-01 00:38:18 AM ERROR: Failed to ping Redis:]
[2025-01-01 00:38:19 AM ERROR: Failed to ping Redis:]
[2025-01-01 00:39:03 AM ERROR: Failed to ping Redis:]
[2025-01-01 00:39:05 AM ERROR: Failed to ping Redis:]
[2025-01-01 00:44:17 AM ERROR: Error connecting to Redis:  ERR Client sent AUTH, but no password is set]
[2025-01-01 00:44:17 AM ERROR: Error connecting to Redis:  ERR Client sent AUTH, but no password is set]
[2025-01-01 00:44:17 AM ERROR: Error connecting to Redis:  ERR Client sent AUTH, but no password is set]
[2025-01-01 00:44:17 AM ERROR: Error connecting to Redis:  ERR Client sent AUTH, but no password is set]
[2025-01-01 00:44:17 AM ERROR: Error connecting to Redis:  ERR Client sent AUTH, but no password is set]
[2025-01-01 00:44:17 AM ERROR: Error connecting to Redis:  ERR Client sent AUTH, but no password is set]
[2025-01-01 00:44:18 AM ERROR: Error connecting to Redis:  ERR Client sent AUTH, but no password is set]
[2025-01-01 00:44:18 AM ERROR: Error connecting to Redis:  ERR Client sent AUTH, but no password is set]
[2025-01-01 00:44:18 AM ERROR: Error connecting to Redis:  ERR Client sent AUTH, but no password is set]
[2025-01-01 00:44:18 AM ERROR: Error connecting to Redis:  ERR Client sent AUTH, but no password is set]
[2025-01-01 00:44:18 AM ERROR: Error connecting to Redis:  ERR Client sent AUTH, but no password is set]
[2025-01-01 00:44:19 AM ERROR: Error connecting to Redis:  ERR Client sent AUTH, but no password is set]
[2025-01-01 00:44:19 AM ERROR: Error connecting to Redis:  ERR Client sent AUTH, but no password is set]
[2025-01-01 00:44:19 AM ERROR: Error connecting to Redis:  ERR Client sent AUTH, but no password is set]
[2025-01-01 00:44:19 AM ERROR: Error connecting to Redis:  ERR Client sent AUTH, but no password is set]
[2025-01-01 00:44:20 AM ERROR: Error connecting to Redis:  ERR Client sent AUTH, but no password is set]
[2025-01-01 00:44:20 AM ERROR: Error connecting to Redis:  ERR Client sent AUTH, but no password is set]
[2025-01-01 00:44:21 AM ERROR: Error connecting to Redis:  ERR Client sent AUTH, but no password is set]
[2025-01-01 00:44:21 AM ERROR: Error connecting to Redis:  ERR Client sent AUTH, but no password is set]
[2025-01-01 00:44:22 AM ERROR: Error connecting to Redis:  ERR Client sent AUTH, but no password is set]
[2025-01-01 00:44:22 AM ERROR: Error connecting to Redis:  ERR Client sent AUTH, but no password is set]
[2025-01-01 00:44:23 AM ERROR: Error connecting to Redis:  ERR Client sent AUTH, but no password is set]
[2025-01-01 00:44:23 AM ERROR: Error connecting to Redis:  ERR Client sent AUTH, but no password is set]
[2025-01-01 00:44:24 AM ERROR: Error connecting to Redis:  ERR Client sent AUTH, but no password is set]
[2025-01-01 00:45:36 AM ERROR: Error connecting to Redis:  ERR Client sent AUTH, but no password is set]
[2025-01-01 00:45:36 AM ERROR: Error connecting to Redis:  ERR Client sent AUTH, but no password is set]
[2025-01-01 00:45:36 AM ERROR: Error connecting to Redis:  ERR Client sent AUTH, but no password is set]
[2025-01-01 00:45:36 AM ERROR: Error connecting to Redis:  ERR Client sent AUTH, but no password is set]
[2025-01-01 00:45:36 AM ERROR: Error connecting to Redis:  ERR Client sent AUTH, but no password is set]
[2025-01-01 00:45:36 AM ERROR: Error connecting to Redis:  ERR Client sent AUTH, but no password is set]
[2025-01-01 00:45:37 AM ERROR: Error connecting to Redis:  ERR Client sent AUTH, but no password is set]
[2025-01-01 00:45:37 AM ERROR: Error connecting to Redis:  ERR Client sent AUTH, but no password is set]
[2025-01-01 00:45:37 AM ERROR: Error connecting to Redis:  ERR Client sent AUTH, but no password is set]
[2025-01-01 00:45:38 AM ERROR: Error connecting to Redis:  ERR Client sent AUTH, but no password is set]
[2025-01-01 00:45:38 AM ERROR: Error connecting to Redis:  ERR Client sent AUTH, but no password is set]
[2025-01-01 00:45:39 AM ERROR: Error connecting to Redis:  ERR Client sent AUTH, but no password is set]
[2025-01-01 00:45:39 AM ERROR: Error connecting to Redis:  ERR Client sent AUTH, but no password is set]
[2025-01-01 00:45:40 AM ERROR: Error connecting to Redis:  ERR Client sent AUTH, but no password is set]
[2025-01-01 00:45:40 AM ERROR: Error connecting to Redis:  ERR Client sent AUTH, but no password is set]
[2025-01-01 00:45:41 AM ERROR: Error connecting to Redis:  ERR Client sent AUTH, but no password is set]
[2025-01-01 00:45:41 AM ERROR: Error connecting to Redis:  ERR Client sent AUTH, but no password is set]
[2025-01-01 00:45:42 AM ERROR: Error connecting to Redis:  ERR Client sent AUTH, but no password is set]
[2025-01-01 00:45:42 AM ERROR: Error connecting to Redis:  ERR Client sent AUTH, but no password is set]
[2025-01-01 00:48:47 AM ERROR: Error connecting to Redis:  ERR Client sent AUTH, but no password is set]
[2025-01-01 00:48:47 AM ERROR: Error connecting to Redis:  ERR Client sent AUTH, but no password is set]
[2025-01-01 00:48:47 AM ERROR: Error connecting to Redis:  ERR Client sent AUTH, but no password is set]
[2025-01-01 00:48:48 AM ERROR: Error connecting to Redis:  ERR Client sent AUTH, but no password is set]
[2025-01-01 00:48:48 AM ERROR: Error connecting to Redis:  ERR Client sent AUTH, but no password is set]
[2025-01-01 00:48:48 AM ERROR: Error connecting to Redis:  ERR Client sent AUTH, but no password is set]
[2025-01-01 00:48:48 AM ERROR: Error connecting to Redis:  ERR Client sent AUTH, but no password is set]
[2025-01-01 00:48:48 AM ERROR: Error connecting to Redis:  ERR Client sent AUTH, but no password is set]
[2025-01-01 00:48:49 AM ERROR: Error connecting to Redis:  ERR Client sent AUTH, but no password is set]
[2025-01-01 00:48:50 AM ERROR: Error connecting to Redis:  ERR Client sent AUTH, but no password is set]
[2025-01-01 00:48:50 AM ERROR: Error connecting to Redis:  ERR Client sent AUTH, but no password is set]
[2025-01-01 00:48:50 AM ERROR: Error connecting to Redis:  ERR Client sent AUTH, but no password is set]
[2025-01-01 00:48:50 AM ERROR: Error connecting to Redis:  ERR Client sent AUTH, but no password is set]
[2025-01-01 00:48:50 AM ERROR: Error connecting to Redis:  ERR Client sent AUTH, but no password is set]
[2025-01-01 00:48:50 AM ERROR: Error connecting to Redis:  ERR Client sent AUTH, but no password is set]
[2025-01-01 00:48:51 AM ERROR: Error connecting to Redis:  ERR Client sent AUTH, but no password is set]
[2025-01-01 00:48:55 AM ERROR: Error connecting to Redis:  ERR Client sent AUTH, but no password is set]
[2025-01-01 00:48:55 AM ERROR: Error connecting to Redis:  ERR Client sent AUTH, but no password is set]
[2025-01-01 00:48:55 AM ERROR: Error connecting to Redis:  ERR Client sent AUTH, but no password is set]
[2025-01-01 00:48:55 AM ERROR: Error connecting to Redis:  ERR Client sent AUTH, but no password is set]
[2025-01-01 00:48:55 AM ERROR: Error connecting to Redis:  ERR Client sent AUTH, but no password is set]
[2025-01-01 00:48:55 AM ERROR: Error connecting to Redis:  ERR Client sent AUTH, but no password is set]
[2025-01-01 00:48:55 AM ERROR: Error connecting to Redis:  ERR Client sent AUTH, but no password is set]
[2025-01-01 00:48:56 AM ERROR: Error connecting to Redis:  ERR Client sent AUTH, but no password is set]
[2025-01-01 00:48:56 AM ERROR: Error connecting to Redis:  ERR Client sent AUTH, but no password is set]
[2025-01-01 00:48:56 AM ERROR: Error connecting to Redis:  ERR Client sent AUTH, but no password is set]
[2025-01-01 00:48:57 AM ERROR: Error connecting to Redis:  ERR Client sent AUTH, but no password is set]
[2025-01-01 00:48:57 AM ERROR: Error connecting to Redis:  ERR Client sent AUTH, but no password is set]
[2025-01-01 00:48:58 AM ERROR: Error connecting to Redis:  ERR Client sent AUTH, but no password is set]
[2025-01-01 00:48:58 AM ERROR: Error connecting to Redis:  ERR Client sent AUTH, but no password is set]
[2025-01-01 00:48:59 AM ERROR: Error connecting to Redis:  ERR Client sent AUTH, but no password is set]
[2025-01-01 00:48:59 AM ERROR: Error connecting to Redis:  ERR Client sent AUTH, but no password is set]
[2025-01-01 00:49:00 AM ERROR: Error connecting to Redis:  ERR Client sent AUTH, but no password is set]
[2025-01-01 00:49:01 AM ERROR: Error connecting to Redis:  ERR Client sent AUTH, but no password is set]
[2025-01-01 00:49:01 AM ERROR: Error connecting to Redis:  ERR Client sent AUTH, but no password is set]
[2025-01-01 00:49:02 AM ERROR: Error connecting to Redis:  ERR Client sent AUTH, but no password is set]
[2025-01-01 00:49:02 AM ERROR: Error connecting to Redis:  ERR Client sent AUTH, but no password is set]
[2025-01-01 00:49:03 AM ERROR: Error connecting to Redis:  ERR Client sent AUTH, but no password is set]
[2025-01-01 00:49:03 AM ERROR: Error connecting to Redis:  ERR Client sent AUTH, but no password is set]
[2025-01-01 00:49:04 AM ERROR: Error connecting to Redis:  ERR Client sent AUTH, but no password is set]
[2025-01-01 00:49:04 AM ERROR: Error connecting to Redis:  ERR Client sent AUTH, but no password is set]
[2025-01-01 00:49:05 AM ERROR: Error connecting to Redis:  ERR Client sent AUTH, but no password is set]
[2025-01-01 00:49:05 AM ERROR: Error connecting to Redis:  ERR Client sent AUTH, but no password is set]
[2025-01-01 00:49:06 AM ERROR: Error connecting to Redis:  ERR Client sent AUTH, but no password is set]
[2025-01-01 00:49:06 AM ERROR: Error connecting to Redis:  ERR Client sent AUTH, but no password is set]
[2025-01-01 00:49:07 AM ERROR: Error connecting to Redis:  ERR Client sent AUTH, but no password is set]
[2025-01-01 00:49:07 AM ERROR: Error connecting to Redis:  ERR Client sent AUTH, but no password is set]
[2025-01-01 00:49:08 AM ERROR: Error connecting to Redis:  ERR Client sent AUTH, but no password is set]
[2025-01-01 00:49:08 AM ERROR: Error connecting to Redis:  ERR Client sent AUTH, but no password is set]
[2025-01-01 00:49:09 AM ERROR: Error connecting to Redis:  ERR Client sent AUTH, but no password is set]
[2025-01-01 00:49:09 AM ERROR: Error connecting to Redis:  ERR Client sent AUTH, but no password is set]
[2025-01-01 00:49:10 AM ERROR: Error connecting to Redis:  ERR Client sent AUTH, but no password is set]
[2025-01-01 00:49:10 AM ERROR: Error connecting to Redis:  ERR Client sent AUTH, but no password is set]
[2025-01-01 00:49:11 AM ERROR: Error connecting to Redis:  ERR Client sent AUTH, but no password is set]
[2025-01-01 00:49:11 AM ERROR: Error connecting to Redis:  ERR Client sent AUTH, but no password is set]
[2025-01-01 00:49:12 AM ERROR: Error connecting to Redis:  ERR Client sent AUTH, but no password is set]
[2025-01-01 00:49:12 AM ERROR: Error connecting to Redis:  ERR Client sent AUTH, but no password is set]
[2025-01-01 00:49:13 AM ERROR: Error connecting to Redis:  ERR Client sent AUTH, but no password is set]
[2025-01-01 00:49:13 AM ERROR: Error connecting to Redis:  ERR Client sent AUTH, but no password is set]
[2025-01-01 00:49:14 AM ERROR: Error connecting to Redis:  ERR Client sent AUTH, but no password is set]
[2025-01-01 00:49:14 AM ERROR: Error connecting to Redis:  ERR Client sent AUTH, but no password is set]
[2025-01-01 00:49:15 AM ERROR: Error connecting to Redis:  ERR Client sent AUTH, but no password is set]
[2025-01-01 00:49:15 AM ERROR: Error connecting to Redis:  ERR Client sent AUTH, but no password is set]
[2025-01-01 00:49:16 AM ERROR: Error connecting to Redis:  ERR Client sent AUTH, but no password is set]
[2025-01-01 00:49:16 AM ERROR: Error connecting to Redis:  ERR Client sent AUTH, but no password is set]
[2025-01-01 00:49:17 AM ERROR: Error connecting to Redis:  ERR Client sent AUTH, but no password is set]
[2025-01-01 00:49:17 AM ERROR: Error connecting to Redis:  ERR Client sent AUTH, but no password is set]
[2025-01-01 00:49:18 AM ERROR: Error connecting to Redis:  ERR Client sent AUTH, but no password is set]
[2025-01-01 00:49:19 AM ERROR: Error connecting to Redis:  ERR Client sent AUTH, but no password is set]
[2025-01-01 00:49:19 AM ERROR: Error connecting to Redis:  ERR Client sent AUTH, but no password is set]
[2025-01-01 00:49:20 AM ERROR: Error connecting to Redis:  ERR Client sent AUTH, but no password is set]
[2025-01-01 00:49:20 AM ERROR: Error connecting to Redis:  ERR Client sent AUTH, but no password is set]
[2025-01-01 00:49:21 AM ERROR: Error connecting to Redis:  ERR Client sent AUTH, but no password is set]
[2025-01-01 00:49:30 AM ERROR: Error connecting to Redis:  ERR Client sent AUTH, but no password is set]
[2025-01-01 00:49:30 AM ERROR: Error connecting to Redis:  ERR Client sent AUTH, but no password is set]
[2025-01-01 00:49:30 AM ERROR: Error connecting to Redis:  ERR Client sent AUTH, but no password is set]
[2025-01-01 00:49:30 AM ERROR: Error connecting to Redis:  ERR Client sent AUTH, but no password is set]
[2025-01-01 00:49:30 AM ERROR: Error connecting to Redis:  ERR Client sent AUTH, but no password is set]
[2025-01-01 00:49:30 AM ERROR: Error connecting to Redis:  ERR Client sent AUTH, but no password is set]
[2025-01-01 00:49:31 AM ERROR: Error connecting to Redis:  ERR Client sent AUTH, but no password is set]
[2025-01-01 00:49:44 AM ERROR: Error connecting to Redis:  ERR Client sent AUTH, but no password is set]
[2025-01-01 00:49:44 AM ERROR: Error connecting to Redis:  ERR Client sent AUTH, but no password is set]
[2025-01-01 00:49:44 AM ERROR: Error connecting to Redis:  ERR Client sent AUTH, but no password is set]
[2025-01-01 00:49:44 AM ERROR: Error connecting to Redis:  ERR Client sent AUTH, but no password is set]
[2025-01-01 00:49:44 AM ERROR: Error connecting to Redis:  ERR Client sent AUTH, but no password is set]
[2025-01-01 00:49:44 AM ERROR: Error connecting to Redis:  ERR Client sent AUTH, but no password is set]
[2025-01-01 00:49:45 AM ERROR: Error connecting to Redis:  ERR Client sent AUTH, but no password is set]
[2025-01-01 00:49:45 AM ERROR: Error connecting to Redis:  ERR Client sent AUTH, but no password is set]
[2025-01-01 00:49:45 AM ERROR: Error connecting to Redis:  ERR Client sent AUTH, but no password is set]
[2025-01-01 00:49:46 AM ERROR: Error connecting to Redis:  ERR Client sent AUTH, but no password is set]
[2025-01-01 00:49:46 AM ERROR: Error connecting to Redis:  ERR Client sent AUTH, but no password is set]
[2025-01-01 00:49:47 AM ERROR: Error connecting to Redis:  ERR Client sent AUTH, but no password is set]
[2025-01-01 00:49:47 AM ERROR: Error connecting to Redis:  ERR Client sent AUTH, but no password is set]
[2025-01-01 00:49:48 AM ERROR: Error connecting to Redis:  ERR Client sent AUTH, but no password is set]
[2025-01-01 00:49:48 AM ERROR: Error connecting to Redis:  ERR Client sent AUTH, but no password is set]
[2025-01-01 00:49:49 AM ERROR: Error connecting to Redis:  ERR Client sent AUTH, but no password is set]
[2025-01-01 00:49:49 AM ERROR: Error connecting to Redis:  ERR Client sent AUTH, but no password is set]
[2025-01-01 00:49:50 AM ERROR: Error connecting to Redis:  ERR Client sent AUTH, but no password is set]
[2025-01-01 00:49:50 AM ERROR: Error connecting to Redis:  ERR Client sent AUTH, but no password is set]
[2025-01-01 00:49:51 AM ERROR: Error connecting to Redis:  ERR Client sent AUTH, but no password is set]
[2025-01-01 00:49:51 AM ERROR: Error connecting to Redis:  ERR Client sent AUTH, but no password is set]
[2025-01-01 00:49:52 AM ERROR: Error connecting to Redis:  ERR Client sent AUTH, but no password is set]
[2025-01-01 00:49:52 AM ERROR: Error connecting to Redis:  ERR Client sent AUTH, but no password is set]
[2025-01-01 00:49:53 AM ERROR: Error connecting to Redis:  ERR Client sent AUTH, but no password is set]
[2025-01-01 00:49:53 AM ERROR: Error connecting to Redis:  ERR Client sent AUTH, but no password is set]
[2025-01-01 00:49:54 AM ERROR: Error connecting to Redis:  ERR Client sent AUTH, but no password is set]
[2025-01-01 00:49:54 AM ERROR: Error connecting to Redis:  ERR Client sent AUTH, but no password is set]
[2025-01-01 00:49:55 AM ERROR: Error connecting to Redis:  ERR Client sent AUTH, but no password is set]
[2025-01-01 00:49:55 AM ERROR: Error connecting to Redis:  ERR Client sent AUTH, but no password is set]
[2025-01-01 00:49:56 AM ERROR: Error connecting to Redis:  ERR Client sent AUTH, but no password is set]
[2025-01-01 00:49:56 AM ERROR: Error connecting to Redis:  ERR Client sent AUTH, but no password is set]
[2025-01-01 00:49:57 AM ERROR: Error connecting to Redis:  ERR Client sent AUTH, but no password is set]
[2025-01-01 00:49:57 AM ERROR: Error connecting to Redis:  ERR Client sent AUTH, but no password is set]
[2025-01-01 00:49:58 AM ERROR: Error connecting to Redis:  ERR Client sent AUTH, but no password is set]
[2025-01-01 00:49:59 AM ERROR: Error connecting to Redis:  ERR Client sent AUTH, but no password is set]
[2025-01-01 00:49:59 AM ERROR: Error connecting to Redis:  ERR Client sent AUTH, but no password is set]
[2025-01-01 00:50:00 AM ERROR: Error connecting to Redis:  ERR Client sent AUTH, but no password is set]
[2025-01-01 00:50:00 AM ERROR: Error connecting to Redis:  ERR Client sent AUTH, but no password is set]
[2025-01-01 00:50:01 AM ERROR: Error connecting to Redis:  ERR Client sent AUTH, but no password is set]
[2025-01-01 00:50:01 AM ERROR: Error connecting to Redis:  ERR Client sent AUTH, but no password is set]
[2025-01-01 00:50:02 AM ERROR: Error connecting to Redis:  ERR Client sent AUTH, but no password is set]
[2025-01-01 00:50:02 AM ERROR: Error connecting to Redis:  ERR Client sent AUTH, but no password is set]
[2025-01-01 00:50:03 AM ERROR: Error connecting to Redis:  ERR Client sent AUTH, but no password is set]
[2025-01-01 00:50:03 AM ERROR: Error connecting to Redis:  ERR Client sent AUTH, but no password is set]
[2025-01-01 00:50:04 AM ERROR: Error connecting to Redis:  ERR Client sent AUTH, but no password is set]
[2025-01-01 00:50:04 AM ERROR: Error connecting to Redis:  ERR Client sent AUTH, but no password is set]
[2025-01-01 00:50:05 AM ERROR: Error connecting to Redis:  ERR Client sent AUTH, but no password is set]
[2025-01-01 00:50:05 AM ERROR: Error connecting to Redis:  ERR Client sent AUTH, but no password is set]
[2025-01-01 00:50:06 AM ERROR: Error connecting to Redis:  ERR Client sent AUTH, but no password is set]
[2025-01-01 00:50:06 AM ERROR: Error connecting to Redis:  ERR Client sent AUTH, but no password is set]
[2025-01-01 00:50:07 AM ERROR: Error connecting to Redis:  ERR Client sent AUTH, but no password is set]
[2025-01-01 00:50:07 AM ERROR: Error connecting to Redis:  ERR Client sent AUTH, but no password is set]
[2025-01-01 00:50:08 AM ERROR: Error connecting to Redis:  ERR Client sent AUTH, but no password is set]
[2025-01-01 00:50:08 AM ERROR: Error connecting to Redis:  ERR Client sent AUTH, but no password is set]
[2025-01-01 00:50:09 AM ERROR: Error connecting to Redis:  ERR Client sent AUTH, but no password is set]
[2025-01-01 00:50:09 AM ERROR: Error connecting to Redis:  ERR Client sent AUTH, but no password is set]
[2025-01-01 00:50:14 AM ERROR: Error connecting to Redis:  Invalid argument type]
[2025-01-01 00:50:14 AM ERROR: Error connecting to Redis:  Invalid argument type]
[2025-01-01 00:50:14 AM ERROR: Error connecting to Redis:  Invalid argument type]
[2025-01-01 00:50:14 AM ERROR: Error connecting to Redis:  Invalid argument type]
[2025-01-01 00:50:15 AM ERROR: Error connecting to Redis:  Invalid argument type]
[2025-01-01 00:50:15 AM ERROR: Error connecting to Redis:  Invalid argument type]
[2025-01-01 00:50:15 AM ERROR: Error connecting to Redis:  Invalid argument type]
[2025-01-01 00:50:15 AM ERROR: Error connecting to Redis:  Invalid argument type]
[2025-01-01 00:50:16 AM ERROR: Error connecting to Redis:  Invalid argument type]
[2025-01-01 00:50:16 AM ERROR: Error connecting to Redis:  Invalid argument type]
[2025-01-01 00:50:17 AM ERROR: Error connecting to Redis:  Invalid argument type]
[2025-01-01 00:50:17 AM ERROR: Error connecting to Redis:  Invalid argument type]
[2025-01-01 00:50:18 AM ERROR: Error connecting to Redis:  Invalid argument type]
[2025-01-01 00:50:18 AM ERROR: Error connecting to Redis:  Invalid argument type]
[2025-01-01 00:50:19 AM ERROR: Error connecting to Redis:  Invalid argument type]
[2025-01-01 00:50:19 AM ERROR: Error connecting to Redis:  Invalid argument type]
[2025-01-01 00:50:20 AM ERROR: Error connecting to Redis:  Invalid argument type]
[2025-01-01 00:50:20 AM ERROR: Error connecting to Redis:  Invalid argument type]
[2025-01-01 00:50:21 AM ERROR: Error connecting to Redis:  Invalid argument type]
[2025-01-01 00:50:21 AM ERROR: Error connecting to Redis:  Invalid argument type]
[2025-01-01 00:50:22 AM ERROR: Error connecting to Redis:  Invalid argument type]
[2025-01-01 00:50:23 AM ERROR: Error connecting to Redis:  Invalid argument type]
[2025-01-01 00:50:23 AM ERROR: Error connecting to Redis:  Invalid argument type]
[2025-01-01 00:50:23 AM ERROR: Error connecting to Redis:  Invalid argument type]
[2025-01-01 00:50:23 AM ERROR: Error connecting to Redis:  Invalid argument type]
[2025-01-01 00:50:23 AM ERROR: Error connecting to Redis:  Invalid argument type]
[2025-01-01 00:50:23 AM ERROR: Error connecting to Redis:  Invalid argument type]
[2025-01-01 00:50:23 AM ERROR: Error connecting to Redis:  Invalid argument type]
[2025-01-01 00:50:27 AM ERROR: Error connecting to Redis:  ERR Client sent AUTH, but no password is set]
[2025-01-01 00:50:27 AM ERROR: Error connecting to Redis:  ERR Client sent AUTH, but no password is set]
[2025-01-01 00:50:27 AM ERROR: Error connecting to Redis:  ERR Client sent AUTH, but no password is set]
[2025-01-01 00:50:27 AM ERROR: Error connecting to Redis:  ERR Client sent AUTH, but no password is set]
[2025-01-01 00:50:27 AM ERROR: Error connecting to Redis:  ERR Client sent AUTH, but no password is set]
[2025-01-01 00:50:27 AM ERROR: Error connecting to Redis:  ERR Client sent AUTH, but no password is set]
[2025-01-01 00:50:27 AM ERROR: Error connecting to Redis:  ERR Client sent AUTH, but no password is set]
[2025-01-01 00:50:28 AM ERROR: Error connecting to Redis:  ERR Client sent AUTH, but no password is set]
[2025-01-01 00:50:28 AM ERROR: Error connecting to Redis:  ERR Client sent AUTH, but no password is set]
[2025-01-01 00:50:29 AM ERROR: Error connecting to Redis:  ERR Client sent AUTH, but no password is set]
[2025-01-01 00:50:29 AM ERROR: Error connecting to Redis:  ERR Client sent AUTH, but no password is set]
[2025-01-01 00:50:30 AM ERROR: Error connecting to Redis:  ERR Client sent AUTH, but no password is set]
[2025-01-01 00:50:30 AM ERROR: Error connecting to Redis:  ERR Client sent AUTH, but no password is set]
[2025-01-01 00:50:31 AM ERROR: Error connecting to Redis:  ERR Client sent AUTH, but no password is set]
[2025-01-01 00:50:31 AM ERROR: Error connecting to Redis:  ERR Client sent AUTH, but no password is set]
[2025-01-01 00:50:32 AM ERROR: Error connecting to Redis:  ERR Client sent AUTH, but no password is set]
[2025-01-01 00:50:32 AM ERROR: Error connecting to Redis:  ERR Client sent AUTH, but no password is set]
[2025-01-01 00:50:33 AM ERROR: Error connecting to Redis:  ERR Client sent AUTH, but no password is set]
[2025-01-01 00:50:33 AM ERROR: Error connecting to Redis:  ERR Client sent AUTH, but no password is set]
[2025-01-01 00:50:34 AM ERROR: Error connecting to Redis:  ERR Client sent AUTH, but no password is set]
[2025-01-01 00:50:34 AM ERROR: Error connecting to Redis:  ERR Client sent AUTH, but no password is set]
[2025-01-01 00:50:35 AM ERROR: Error connecting to Redis:  ERR Client sent AUTH, but no password is set]
[2025-01-01 00:50:35 AM ERROR: Error connecting to Redis:  ERR Client sent AUTH, but no password is set]
[2025-01-01 00:50:36 AM ERROR: Error connecting to Redis:  ERR Client sent AUTH, but no password is set]
[2025-01-01 00:50:36 AM ERROR: Error connecting to Redis:  ERR Client sent AUTH, but no password is set]
[2025-01-01 00:50:37 AM ERROR: Error connecting to Redis:  ERR Client sent AUTH, but no password is set]
[2025-01-01 00:50:37 AM ERROR: Error connecting to Redis:  ERR Client sent AUTH, but no password is set]
[2025-01-01 00:50:38 AM ERROR: Error connecting to Redis:  ERR Client sent AUTH, but no password is set]
[2025-01-01 00:50:38 AM ERROR: Error connecting to Redis:  ERR Client sent AUTH, but no password is set]
[2025-01-01 00:50:39 AM ERROR: Error connecting to Redis:  ERR Client sent AUTH, but no password is set]
[2025-01-01 00:50:39 AM ERROR: Error connecting to Redis:  ERR Client sent AUTH, but no password is set]
[2025-01-01 00:50:40 AM ERROR: Error connecting to Redis:  ERR Client sent AUTH, but no password is set]
[2025-01-01 00:50:40 AM ERROR: Error connecting to Redis:  ERR Client sent AUTH, but no password is set]
[2025-01-01 00:50:41 AM ERROR: Error connecting to Redis:  ERR Client sent AUTH, but no password is set]
[2025-01-01 00:50:41 AM ERROR: Error connecting to Redis:  ERR Client sent AUTH, but no password is set]
[2025-01-01 00:50:42 AM ERROR: Error connecting to Redis:  ERR Client sent AUTH, but no password is set]
[2025-01-01 00:50:42 AM ERROR: Error connecting to Redis:  ERR Client sent AUTH, but no password is set]
[2025-01-01 00:50:43 AM ERROR: Error connecting to Redis:  ERR Client sent AUTH, but no password is set]
[2025-01-01 00:50:43 AM ERROR: Error connecting to Redis:  ERR Client sent AUTH, but no password is set]
[2025-01-01 00:50:44 AM ERROR: Error connecting to Redis:  ERR Client sent AUTH, but no password is set]
[2025-01-01 00:50:44 AM ERROR: Error connecting to Redis:  ERR Client sent AUTH, but no password is set]
[2025-01-01 00:50:45 AM ERROR: Error connecting to Redis:  ERR Client sent AUTH, but no password is set]
[2025-01-01 00:50:45 AM ERROR: Error connecting to Redis:  ERR Client sent AUTH, but no password is set]
[2025-01-01 00:50:46 AM ERROR: Error connecting to Redis:  ERR Client sent AUTH, but no password is set]
[2025-01-01 00:50:47 AM ERROR: Error connecting to Redis:  ERR Client sent AUTH, but no password is set]
[2025-01-01 00:50:47 AM ERROR: Error connecting to Redis:  ERR Client sent AUTH, but no password is set]
[2025-01-01 00:50:48 AM ERROR: Error connecting to Redis:  ERR Client sent AUTH, but no password is set]
[2025-01-01 00:50:48 AM ERROR: Error connecting to Redis:  ERR Client sent AUTH, but no password is set]
[2025-01-01 00:50:49 AM ERROR: Error connecting to Redis:  ERR Client sent AUTH, but no password is set]
[2025-01-01 00:50:49 AM ERROR: Error connecting to Redis:  ERR Client sent AUTH, but no password is set]
[2025-01-01 00:50:50 AM ERROR: Error connecting to Redis:  ERR Client sent AUTH, but no password is set]
[2025-01-01 00:54:21 AM ERROR: Error connecting to Redis:  ERR Client sent AUTH, but no password is set]
[2025-01-01 00:54:21 AM ERROR: Error connecting to Redis:  ERR Client sent AUTH, but no password is set]
[2025-01-01 00:54:21 AM ERROR: Error connecting to Redis:  ERR Client sent AUTH, but no password is set]
[2025-01-01 00:54:21 AM ERROR: Error connecting to Redis:  ERR Client sent AUTH, but no password is set]
[2025-01-01 00:54:21 AM ERROR: Error connecting to Redis:  ERR Client sent AUTH, but no password is set]
[2025-01-01 00:54:22 AM ERROR: Error connecting to Redis:  ERR Client sent AUTH, but no password is set]
[2025-01-01 00:54:22 AM ERROR: Error connecting to Redis:  ERR Client sent AUTH, but no password is set]
[2025-01-01 00:54:22 AM ERROR: Error connecting to Redis:  ERR Client sent AUTH, but no password is set]
[2025-01-01 00:54:23 AM ERROR: Error connecting to Redis:  ERR Client sent AUTH, but no password is set]
[2025-01-01 00:54:23 AM ERROR: Error connecting to Redis:  ERR Client sent AUTH, but no password is set]
[2025-01-01 00:54:23 AM ERROR: Error connecting to Redis:  ERR Client sent AUTH, but no password is set]
[2025-01-01 00:54:24 AM ERROR: Error connecting to Redis:  ERR Client sent AUTH, but no password is set]
[2025-01-01 00:54:25 AM ERROR: Error connecting to Redis:  ERR Client sent AUTH, but no password is set]
[2025-01-01 00:56:15 AM ERROR: Error connecting to Redis:  ERR Client sent AUTH, but no password is set]
[2025-01-01 00:56:15 AM ERROR: Error connecting to Redis:  ERR Client sent AUTH, but no password is set]
[2025-01-01 00:56:15 AM ERROR: Error connecting to Redis:  ERR Client sent AUTH, but no password is set]
[2025-01-01 00:56:15 AM ERROR: Error connecting to Redis:  ERR Client sent AUTH, but no password is set]
[2025-01-01 00:56:16 AM ERROR: Error connecting to Redis:  ERR Client sent AUTH, but no password is set]
[2025-01-01 00:56:16 AM ERROR: Error connecting to Redis:  ERR Client sent AUTH, but no password is set]
[2025-01-01 00:56:16 AM ERROR: Error connecting to Redis:  ERR Client sent AUTH, but no password is set]
[2025-01-01 00:56:16 AM ERROR: Error connecting to Redis:  ERR Client sent AUTH, but no password is set]
[2025-01-01 00:56:17 AM ERROR: Error connecting to Redis:  ERR Client sent AUTH, but no password is set]
[2025-01-01 00:56:17 AM ERROR: Error connecting to Redis:  ERR Client sent AUTH, but no password is set]
[2025-01-01 00:56:18 AM ERROR: Error connecting to Redis:  ERR Client sent AUTH, but no password is set]
[2025-01-01 00:56:18 AM ERROR: Error connecting to Redis:  ERR Client sent AUTH, but no password is set]
[2025-01-01 00:56:19 AM ERROR: Error connecting to Redis:  ERR Client sent AUTH, but no password is set]
[2025-01-01 00:56:19 AM ERROR: Error connecting to Redis:  ERR Client sent AUTH, but no password is set]
[2025-01-01 00:56:20 AM ERROR: Error connecting to Redis:  ERR Client sent AUTH, but no password is set]
[2025-01-01 00:56:20 AM ERROR: Error connecting to Redis:  ERR Client sent AUTH, but no password is set]
[2025-01-01 00:56:21 AM ERROR: Error connecting to Redis:  ERR Client sent AUTH, but no password is set]
[2025-01-01 00:56:21 AM ERROR: Error connecting to Redis:  ERR Client sent AUTH, but no password is set]
[2025-01-01 00:56:22 AM ERROR: Error connecting to Redis:  ERR Client sent AUTH, but no password is set]
[2025-01-01 00:56:22 AM ERROR: Error connecting to Redis:  ERR Client sent AUTH, but no password is set]
[2025-01-01 00:56:23 AM ERROR: Error connecting to Redis:  ERR Client sent AUTH, but no password is set]
[2025-01-01 00:56:23 AM ERROR: Error connecting to Redis:  ERR Client sent AUTH, but no password is set]
[2025-01-01 00:56:24 AM ERROR: Error connecting to Redis:  ERR Client sent AUTH, but no password is set]
[2025-01-01 00:56:24 AM ERROR: Error connecting to Redis:  ERR Client sent AUTH, but no password is set]
[2025-01-01 00:56:25 AM ERROR: Error connecting to Redis:  ERR Client sent AUTH, but no password is set]
[2025-01-01 00:56:25 AM ERROR: Error connecting to Redis:  ERR Client sent AUTH, but no password is set]
[2025-01-01 00:56:26 AM ERROR: Error connecting to Redis:  ERR Client sent AUTH, but no password is set]
[2025-01-01 00:56:26 AM ERROR: Error connecting to Redis:  ERR Client sent AUTH, but no password is set]
[2025-01-01 00:56:27 AM ERROR: Error connecting to Redis:  ERR Client sent AUTH, but no password is set]
[2025-01-01 00:56:54 AM ERROR: Error connecting to Redis:  ERR Client sent AUTH, but no password is set]
[2025-01-01 00:56:54 AM ERROR: Error connecting to Redis:  ERR Client sent AUTH, but no password is set]
[2025-01-01 00:56:54 AM ERROR: Error connecting to Redis:  ERR Client sent AUTH, but no password is set]
[2025-01-01 00:56:54 AM ERROR: Error connecting to Redis:  ERR Client sent AUTH, but no password is set]
[2025-01-01 00:56:55 AM ERROR: Error connecting to Redis:  ERR Client sent AUTH, but no password is set]
[2025-01-01 00:56:55 AM ERROR: Error connecting to Redis:  ERR Client sent AUTH, but no password is set]
[2025-01-01 00:56:55 AM ERROR: Error connecting to Redis:  ERR Client sent AUTH, but no password is set]
[2025-01-01 00:56:55 AM ERROR: Error connecting to Redis:  ERR Client sent AUTH, but no password is set]
[2025-01-01 00:56:56 AM ERROR: Error connecting to Redis:  ERR Client sent AUTH, but no password is set]
[2025-01-01 00:56:56 AM ERROR: Error connecting to Redis:  ERR Client sent AUTH, but no password is set]
[2025-01-01 00:56:57 AM ERROR: Error connecting to Redis:  ERR Client sent AUTH, but no password is set]
[2025-01-01 00:56:58 AM ERROR: Error connecting to Redis:  ERR Client sent AUTH, but no password is set]
[2025-01-01 00:56:58 AM ERROR: Error connecting to Redis:  ERR Client sent AUTH, but no password is set]
[2025-01-01 00:56:58 AM ERROR: Error connecting to Redis:  ERR Client sent AUTH, but no password is set]
[2025-01-01 00:56:58 AM ERROR: Error connecting to Redis:  ERR Client sent AUTH, but no password is set]
[2025-01-01 00:56:58 AM ERROR: Error connecting to Redis:  ERR Client sent AUTH, but no password is set]
[2025-01-01 00:56:58 AM ERROR: Error connecting to Redis:  ERR Client sent AUTH, but no password is set]
[2025-01-01 00:56:58 AM ERROR: Error connecting to Redis:  ERR Client sent AUTH, but no password is set]
[2025-01-01 00:56:59 AM ERROR: Error connecting to Redis:  ERR Client sent AUTH, but no password is set]
[2025-01-01 00:56:59 AM ERROR: Error connecting to Redis:  ERR Client sent AUTH, but no password is set]
[2025-01-01 00:56:59 AM ERROR: Error connecting to Redis:  ERR Client sent AUTH, but no password is set]
[2025-01-01 01:00:49 AM ERROR: Error connecting to Redis:  ERR Client sent AUTH, but no password is set]
[2025-01-01 01:00:49 AM ERROR: Error connecting to Redis:  ERR Client sent AUTH, but no password is set]
[2025-01-01 01:00:49 AM ERROR: Error connecting to Redis:  ERR Client sent AUTH, but no password is set]
[2025-01-01 01:00:49 AM ERROR: Error connecting to Redis:  ERR Client sent AUTH, but no password is set]
[2025-01-01 01:00:49 AM ERROR: Error connecting to Redis:  ERR Client sent AUTH, but no password is set]
[2025-01-01 01:00:49 AM ERROR: Error connecting to Redis:  ERR Client sent AUTH, but no password is set]
[2025-01-01 01:00:50 AM ERROR: Error connecting to Redis:  ERR Client sent AUTH, but no password is set]
[2025-01-01 01:00:50 AM ERROR: Error connecting to Redis:  ERR Client sent AUTH, but no password is set]
[2025-01-01 01:00:50 AM ERROR: Error connecting to Redis:  ERR Client sent AUTH, but no password is set]
[2025-01-01 01:00:51 AM ERROR: Error connecting to Redis:  ERR Client sent AUTH, but no password is set]
[2025-01-01 01:00:51 AM ERROR: Error connecting to Redis:  ERR Client sent AUTH, but no password is set]
[2025-01-01 01:00:52 AM ERROR: Error connecting to Redis:  ERR Client sent AUTH, but no password is set]
[2025-01-01 01:00:52 AM ERROR: Error connecting to Redis:  ERR Client sent AUTH, but no password is set]
[2025-01-01 01:00:53 AM ERROR: Error connecting to Redis:  ERR Client sent AUTH, but no password is set]
[2025-01-01 01:00:53 AM ERROR: Error connecting to Redis:  ERR Client sent AUTH, but no password is set]
[2025-01-01 01:00:54 AM ERROR: Error connecting to Redis:  ERR Client sent AUTH, but no password is set]
[2025-01-01 01:00:54 AM ERROR: Error connecting to Redis:  ERR Client sent AUTH, but no password is set]
[2025-01-01 01:00:55 AM ERROR: Error connecting to Redis:  ERR Client sent AUTH, but no password is set]
[2025-01-01 01:00:55 AM ERROR: Error connecting to Redis:  ERR Client sent AUTH, but no password is set]
[2025-01-01 01:00:56 AM ERROR: Error connecting to Redis:  ERR Client sent AUTH, but no password is set]
[2025-01-01 01:00:56 AM ERROR: Error connecting to Redis:  ERR Client sent AUTH, but no password is set]
[2025-01-01 01:00:57 AM ERROR: Error connecting to Redis:  ERR Client sent AUTH, but no password is set]
[2025-01-01 01:00:57 AM ERROR: Error connecting to Redis:  ERR Client sent AUTH, but no password is set]
[2025-01-01 01:00:58 AM ERROR: Error connecting to Redis:  ERR Client sent AUTH, but no password is set]
[2025-01-01 01:00:58 AM ERROR: Error connecting to Redis:  ERR Client sent AUTH, but no password is set]
[2025-01-01 01:00:59 AM ERROR: Error connecting to Redis:  ERR Client sent AUTH, but no password is set]
[2025-01-01 01:00:59 AM ERROR: Error connecting to Redis:  ERR Client sent AUTH, but no password is set]
[2025-01-01 01:01:00 AM ERROR: Error connecting to Redis:  ERR Client sent AUTH, but no password is set]
[2025-01-01 01:01:00 AM ERROR: Error connecting to Redis:  ERR Client sent AUTH, but no password is set]
[2025-01-01 01:01:01 AM ERROR: Error connecting to Redis:  ERR Client sent AUTH, but no password is set]
[2025-01-01 01:01:01 AM ERROR: Error connecting to Redis:  ERR Client sent AUTH, but no password is set]
[2025-01-01 01:01:02 AM ERROR: Error connecting to Redis:  ERR Client sent AUTH, but no password is set]
[2025-01-01 01:01:02 AM ERROR: Error connecting to Redis:  ERR Client sent AUTH, but no password is set]
[2025-01-01 01:01:03 AM ERROR: Error connecting to Redis:  ERR Client sent AUTH, but no password is set]
[2025-01-01 01:01:03 AM ERROR: Error connecting to Redis:  ERR Client sent AUTH, but no password is set]
[2025-01-01 01:01:04 AM ERROR: Error connecting to Redis:  ERR Client sent AUTH, but no password is set]
[2025-01-01 01:01:04 AM ERROR: Error connecting to Redis:  ERR Client sent AUTH, but no password is set]
[2025-01-01 01:01:05 AM ERROR: Error connecting to Redis:  ERR Client sent AUTH, but no password is set]
[2025-01-01 01:01:06 AM ERROR: Error connecting to Redis:  ERR Client sent AUTH, but no password is set]
[2025-01-01 01:01:06 AM ERROR: Error connecting to Redis:  ERR Client sent AUTH, but no password is set]
[2025-01-01 01:01:07 AM ERROR: Error connecting to Redis:  ERR Client sent AUTH, but no password is set]
[2025-01-01 01:01:07 AM ERROR: Error connecting to Redis:  ERR Client sent AUTH, but no password is set]
[2025-01-01 01:01:08 AM ERROR: Error connecting to Redis:  ERR Client sent AUTH, but no password is set]
[2025-01-01 01:01:08 AM ERROR: Error connecting to Redis:  ERR Client sent AUTH, but no password is set]
[2025-01-01 01:01:09 AM ERROR: Error connecting to Redis:  ERR Client sent AUTH, but no password is set]
[2025-01-01 01:01:09 AM ERROR: Error connecting to Redis:  ERR Client sent AUTH, but no password is set]
[2025-01-01 01:01:10 AM ERROR: Error connecting to Redis:  ERR Client sent AUTH, but no password is set]
[2025-01-01 01:01:10 AM ERROR: Error connecting to Redis:  ERR Client sent AUTH, but no password is set]
[2025-01-01 01:01:11 AM ERROR: Error connecting to Redis:  ERR Client sent AUTH, but no password is set]
[2025-01-01 01:01:11 AM ERROR: Error connecting to Redis:  ERR Client sent AUTH, but no password is set]
[2025-01-01 01:01:12 AM ERROR: Error connecting to Redis:  ERR Client sent AUTH, but no password is set]
[2025-01-01 01:01:12 AM ERROR: Error connecting to Redis:  ERR Client sent AUTH, but no password is set]
[2025-01-01 01:01:13 AM ERROR: Error connecting to Redis:  ERR Client sent AUTH, but no password is set]
[2025-01-01 01:01:13 AM ERROR: Error connecting to Redis:  ERR Client sent AUTH, but no password is set]
[2025-01-01 01:01:14 AM ERROR: Error connecting to Redis:  ERR Client sent AUTH, but no password is set]
[2025-01-01 01:01:14 AM ERROR: Error connecting to Redis:  ERR Client sent AUTH, but no password is set]
[2025-01-01 01:01:15 AM ERROR: Error connecting to Redis:  ERR Client sent AUTH, but no password is set]
[2025-01-01 01:01:15 AM ERROR: Error connecting to Redis:  ERR Client sent AUTH, but no password is set]
[2025-01-01 01:01:16 AM ERROR: Error connecting to Redis:  ERR Client sent AUTH, but no password is set]
[2025-01-01 01:01:16 AM ERROR: Error connecting to Redis:  ERR Client sent AUTH, but no password is set]
[2025-01-01 01:01:17 AM ERROR: Error connecting to Redis:  ERR Client sent AUTH, but no password is set]
[2025-01-01 01:01:17 AM ERROR: Error connecting to Redis:  ERR Client sent AUTH, but no password is set]
[2025-01-01 01:01:18 AM ERROR: Error connecting to Redis:  ERR Client sent AUTH, but no password is set]
[2025-01-01 01:01:18 AM ERROR: Error connecting to Redis:  ERR Client sent AUTH, but no password is set]
[2025-01-01 01:01:19 AM ERROR: Error connecting to Redis:  ERR Client sent AUTH, but no password is set]
[2025-01-01 01:01:19 AM ERROR: Error connecting to Redis:  ERR Client sent AUTH, but no password is set]
[2025-01-01 01:01:20 AM ERROR: Error connecting to Redis:  ERR Client sent AUTH, but no password is set]
[2025-01-01 01:01:20 AM ERROR: Error connecting to Redis:  ERR Client sent AUTH, but no password is set]
[2025-01-01 01:01:21 AM ERROR: Error connecting to Redis:  ERR Client sent AUTH, but no password is set]
[2025-01-01 01:01:21 AM ERROR: Error connecting to Redis:  ERR Client sent AUTH, but no password is set]
[2025-01-01 01:01:22 AM ERROR: Error connecting to Redis:  ERR Client sent AUTH, but no password is set]
[2025-01-01 01:01:22 AM ERROR: Error connecting to Redis:  ERR Client sent AUTH, but no password is set]
[2025-01-01 01:01:23 AM ERROR: Error connecting to Redis:  ERR Client sent AUTH, but no password is set]
[2025-01-01 01:01:23 AM ERROR: Error connecting to Redis:  ERR Client sent AUTH, but no password is set]
[2025-01-01 01:01:24 AM ERROR: Error connecting to Redis:  ERR Client sent AUTH, but no password is set]
[2025-01-01 01:01:24 AM ERROR: Error connecting to Redis:  ERR Client sent AUTH, but no password is set]
[2025-01-01 01:01:25 AM ERROR: Error connecting to Redis:  ERR Client sent AUTH, but no password is set]
[2025-01-01 01:01:26 AM ERROR: Error connecting to Redis:  ERR Client sent AUTH, but no password is set]
[2025-01-01 01:01:26 AM ERROR: Error connecting to Redis:  ERR Client sent AUTH, but no password is set]
[2025-01-01 01:01:27 AM ERROR: Error connecting to Redis:  ERR Client sent AUTH, but no password is set]
[2025-01-01 01:01:27 AM ERROR: Error connecting to Redis:  ERR Client sent AUTH, but no password is set]
[2025-01-01 01:01:28 AM ERROR: Error connecting to Redis:  ERR Client sent AUTH, but no password is set]
[2025-01-01 01:01:28 AM ERROR: Error connecting to Redis:  ERR Client sent AUTH, but no password is set]
[2025-01-01 01:01:29 AM ERROR: Error connecting to Redis:  ERR Client sent AUTH, but no password is set]
[2025-01-01 01:03:40 AM ERROR: Error connecting to Redis:  ERR Client sent AUTH, but no password is set]
[2025-01-01 01:03:40 AM ERROR: Error connecting to Redis:  ERR Client sent AUTH, but no password is set]
[2025-01-01 01:03:40 AM ERROR: Error connecting to Redis:  ERR Client sent AUTH, but no password is set]
[2025-01-01 01:03:41 AM ERROR: Error connecting to Redis:  ERR Client sent AUTH, but no password is set]
[2025-01-01 01:03:41 AM ERROR: Error connecting to Redis:  ERR Client sent AUTH, but no password is set]
[2025-01-01 01:03:41 AM ERROR: Error connecting to Redis:  ERR Client sent AUTH, but no password is set]
[2025-01-01 01:03:41 AM ERROR: Error connecting to Redis:  ERR Client sent AUTH, but no password is set]
[2025-01-01 01:03:42 AM ERROR: Error connecting to Redis:  ERR Client sent AUTH, but no password is set]
[2025-01-01 01:03:42 AM ERROR: Error connecting to Redis:  ERR Client sent AUTH, but no password is set]
[2025-01-01 01:03:42 AM ERROR: Error connecting to Redis:  ERR Client sent AUTH, but no password is set]
[2025-01-01 01:03:43 AM ERROR: Error connecting to Redis:  ERR Client sent AUTH, but no password is set]
[2025-01-01 01:03:43 AM ERROR: Error connecting to Redis:  ERR Client sent AUTH, but no password is set]
[2025-01-01 01:03:45 AM ERROR: Error connecting to Redis:  ERR Client sent AUTH, but no password is set]
[2025-01-01 01:03:45 AM ERROR: Error connecting to Redis:  ERR Client sent AUTH, but no password is set]
[2025-01-01 01:03:45 AM ERROR: Error connecting to Redis:  ERR Client sent AUTH, but no password is set]
[2025-01-01 01:03:45 AM ERROR: Error connecting to Redis:  ERR Client sent AUTH, but no password is set]
[2025-01-01 01:03:45 AM ERROR: Error connecting to Redis:  ERR Client sent AUTH, but no password is set]
[2025-01-01 01:03:46 AM ERROR: Error connecting to Redis:  ERR Client sent AUTH, but no password is set]
[2025-01-01 01:03:46 AM ERROR: Error connecting to Redis:  ERR Client sent AUTH, but no password is set]
[2025-01-01 01:03:46 AM ERROR: Error connecting to Redis:  ERR Client sent AUTH, but no password is set]
[2025-01-01 01:03:46 AM ERROR: Error connecting to Redis:  ERR Client sent AUTH, but no password is set]
[2025-01-01 01:03:46 AM ERROR: Error connecting to Redis:  ERR Client sent AUTH, but no password is set]
[2025-01-01 01:03:46 AM ERROR: Error connecting to Redis:  ERR Client sent AUTH, but no password is set]
[2025-01-01 01:03:47 AM ERROR: Error connecting to Redis:  ERR Client sent AUTH, but no password is set]
[2025-01-01 01:03:47 AM ERROR: Error connecting to Redis:  ERR Client sent AUTH, but no password is set]
[2025-01-01 01:03:47 AM ERROR: Error connecting to Redis:  ERR Client sent AUTH, but no password is set]
[2025-01-01 01:03:48 AM ERROR: Error connecting to Redis:  ERR Client sent AUTH, but no password is set]
[2025-01-01 01:03:49 AM ERROR: Error connecting to Redis:  ERR Client sent AUTH, but no password is set]
[2025-01-01 01:03:49 AM ERROR: Error connecting to Redis:  ERR Client sent AUTH, but no password is set]
[2025-01-01 01:03:49 AM ERROR: Error connecting to Redis:  ERR Client sent AUTH, but no password is set]
[2025-01-01 01:03:49 AM ERROR: Error connecting to Redis:  ERR Client sent AUTH, but no password is set]
[2025-01-01 01:03:49 AM ERROR: Error connecting to Redis:  ERR Client sent AUTH, but no password is set]
[2025-01-01 01:03:49 AM ERROR: Error connecting to Redis:  ERR Client sent AUTH, but no password is set]
[2025-01-01 01:03:50 AM ERROR: Error connecting to Redis:  ERR Client sent AUTH, but no password is set]
[2025-01-01 01:03:50 AM ERROR: Error connecting to Redis:  ERR Client sent AUTH, but no password is set]
[2025-01-01 01:03:50 AM ERROR: Error connecting to Redis:  ERR Client sent AUTH, but no password is set]
[2025-01-01 01:03:51 AM ERROR: Error connecting to Redis:  ERR Client sent AUTH, but no password is set]
[2025-01-01 01:03:51 AM ERROR: Error connecting to Redis:  ERR Client sent AUTH, but no password is set]
[2025-01-01 01:03:52 AM ERROR: Error connecting to Redis:  ERR Client sent AUTH, but no password is set]
[2025-01-01 01:03:52 AM ERROR: Error connecting to Redis:  ERR Client sent AUTH, but no password is set]
[2025-01-01 01:03:53 AM ERROR: Error connecting to Redis:  ERR Client sent AUTH, but no password is set]
[2025-01-01 01:03:53 AM ERROR: Error connecting to Redis:  ERR Client sent AUTH, but no password is set]
[2025-01-01 01:03:54 AM ERROR: Error connecting to Redis:  ERR Client sent AUTH, but no password is set]
[2025-01-01 01:03:54 AM ERROR: Error connecting to Redis:  ERR Client sent AUTH, but no password is set]
[2025-01-01 01:03:55 AM ERROR: Error connecting to Redis:  ERR Client sent AUTH, but no password is set]
[2025-01-01 01:03:55 AM ERROR: Error connecting to Redis:  ERR Client sent AUTH, but no password is set]
[2025-01-01 01:03:56 AM ERROR: Error connecting to Redis:  ERR Client sent AUTH, but no password is set]
[2025-01-01 01:03:56 AM ERROR: Error connecting to Redis:  ERR Client sent AUTH, but no password is set]
[2025-01-01 01:03:57 AM ERROR: Error connecting to Redis:  ERR Client sent AUTH, but no password is set]
[2025-01-01 01:03:57 AM ERROR: Error connecting to Redis:  ERR Client sent AUTH, but no password is set]
[2025-01-01 01:03:58 AM ERROR: Error connecting to Redis:  ERR Client sent AUTH, but no password is set]
[2025-01-01 01:03:58 AM ERROR: Error connecting to Redis:  ERR Client sent AUTH, but no password is set]
[2025-01-01 01:03:59 AM ERROR: Error connecting to Redis:  ERR Client sent AUTH, but no password is set]
[2025-01-01 01:03:59 AM ERROR: Error connecting to Redis:  ERR Client sent AUTH, but no password is set]
[2025-01-01 01:04:00 AM ERROR: Error connecting to Redis:  ERR Client sent AUTH, but no password is set]
[2025-01-01 01:04:00 AM ERROR: Error connecting to Redis:  ERR Client sent AUTH, but no password is set]
[2025-01-01 01:04:01 AM ERROR: Error connecting to Redis:  ERR Client sent AUTH, but no password is set]
[2025-01-01 01:04:01 AM ERROR: Error connecting to Redis:  ERR Client sent AUTH, but no password is set]
[2025-01-01 01:04:02 AM ERROR: Error connecting to Redis:  ERR Client sent AUTH, but no password is set]
[2025-01-01 01:04:03 AM ERROR: Error connecting to Redis:  ERR Client sent AUTH, but no password is set]
[2025-01-01 01:06:34 AM ERROR: Failed to ping Redis: ]
[2025-01-01 01:06:38 AM ERROR: Failed to ping Redis: ]
[2025-01-01 01:06:45 AM ERROR: Failed to ping Redis: ]
[2025-01-01 01:06:50 AM ERROR: Failed to ping Redis: ]
[2025-01-01 01:08:45 AM ERROR: Failed to ping Redis: ]
[2025-01-01 01:09:44 AM ERROR: Failed to ping Redis: ]
[2025-01-01 01:09:45 AM ERROR: Failed to ping Redis: ]
[2025-01-01 01:09:53 AM ERROR: Failed to ping Redis: ]
[2025-01-01 01:10:01 AM ERROR: Error connecting to Redis:  ERR Client sent AUTH, but no password is set]
[2025-01-01 01:10:01 AM ERROR: Error connecting to Redis:  ERR Client sent AUTH, but no password is set]
[2025-01-01 01:10:01 AM ERROR: Error connecting to Redis:  ERR Client sent AUTH, but no password is set]
[2025-01-01 01:10:01 AM ERROR: Error connecting to Redis:  ERR Client sent AUTH, but no password is set]
[2025-01-01 01:10:01 AM ERROR: Error connecting to Redis:  ERR Client sent AUTH, but no password is set]
[2025-01-01 01:10:01 AM ERROR: Error connecting to Redis:  ERR Client sent AUTH, but no password is set]
[2025-01-01 01:10:02 AM ERROR: Error connecting to Redis:  ERR Client sent AUTH, but no password is set]
[2025-01-01 01:10:02 AM ERROR: Error connecting to Redis:  ERR Client sent AUTH, but no password is set]
[2025-01-01 01:10:02 AM ERROR: Error connecting to Redis:  ERR Client sent AUTH, but no password is set]
[2025-01-01 01:10:03 AM ERROR: Error connecting to Redis:  ERR Client sent AUTH, but no password is set]
[2025-01-01 01:10:03 AM ERROR: Error connecting to Redis:  ERR Client sent AUTH, but no password is set]
[2025-01-01 01:10:04 AM ERROR: Error connecting to Redis:  ERR Client sent AUTH, but no password is set]
[2025-01-01 01:10:04 AM ERROR: Error connecting to Redis:  ERR Client sent AUTH, but no password is set]
[2025-01-01 01:10:06 AM ERROR: Failed to ping Redis: ]
[2025-01-01 01:10:29 AM ERROR: Failed to ping Redis: ]
[2025-01-01 01:11:08 AM ERROR: Failed to ping Redis: ]
[2025-01-01 11:35:22 AM ERROR: Database connection is failed !!  Socket already opened]
[2025-01-01 11:35:26 AM ERROR: Database connection is failed !!  Socket already opened]
[2025-01-01 11:35:37 AM ERROR: Database connection is failed !!  Socket already opened]
[2025-01-01 11:35:39 AM ERROR: Database connection is failed !!  Socket already opened]
[2025-01-01 11:35:43 AM ERROR: Database connection is failed !!  Socket already opened]
